{"files":{"src/leitir/__init__.py":{"classes":{"":{"excluded_lines":[],"executed_branches":[],"executed_lines":[],"missing_branches":[],"missing_lines":[],"start_line":1,"summary":{"covered_branches":0,"covered_lines":0,"excluded_lines":0,"missing_branches":0,"missing_lines":0,"num_branches":0,"num_partial_branches":0,"num_statements":0,"percent_branches_covered":100.0,"percent_branches_covered_display":"100","percent_covered":100.0,"percent_covered_display":"100","percent_statements_covered":100.0,"percent_statements_covered_display":"100"}}},"excluded_lines":[],"executed_branches":[],"executed_lines":[],"functions":{"":{"excluded_lines":[],"executed_branches":[],"executed_lines":[],"missing_branches":[],"missing_lines":[],"start_line":1,"summary":{"covered_branches":0,"covered_lines":0,"excluded_lines":0,"missing_branches":0,"missing_lines":0,"num_branches":0,"num_partial_branches":0,"num_statements":0,"percent_branches_covered":100.0,"percent_branches_covered_display":"100","percent_covered":100.0,"percent_covered_display":"100","percent_statements_covered":100.0,"percent_statements_covered_display":"100"}}},"missing_branches":[],"missing_lines":[],"summary":{"covered_branches":0,"covered_lines":0,"excluded_lines":0,"missing_branches":0,"missing_lines":0,"num_branches":0,"num_partial_branches":0,"num_statements":0,"percent_branches_covered":100.0,"percent_branches_covered_display":"100","percent_covered":100.0,"percent_covered_display":"100","percent_statements_covered":100.0,"percent_statements_covered_display":"100"}},"src/leitir/_http.py":{"classes":{"":{"excluded_lines":[],"executed_branches":[[44,45],[44,50],[85,86],[85,87],[115,117],[131,132],[131,133],[136,137],[136,153],[139,140],[139,143],[147,148],[147,149],[153,154],[153,163],[155,156],[159,160],[159,163],[186,187],[186,203],[188,189],[188,190],[190,191],[190,198],[192,196],[192,197],[198,199],[198,200],[200,201],[200,202],[203,204],[203,205],[205,206],[205,207],[219,220],[219,221],[222,223],[222,224],[242,244],[244,246],[285,286],[285,287],[287,290],[290,291],[294,295],[294,296],[300,301],[300,302],[302,303],[302,305],[306,307],[306,310]],"executed_lines":[28,30,31,32,33,34,36,37,40,44,45,47,48,49,50,59,62,65,66,67,70,71,72,74,78,79,80,81,82,85,86,87,89,90,103,106,108,110,111,112,113,114,115,117,118,121,130,131,132,133,135,136,137,138,139,140,141,142,143,144,146,147,148,149,150,151,153,154,155,156,157,158,159,160,163,166,167,169,172,183,184,186,187,188,189,190,191,192,196,197,198,199,200,201,202,203,204,205,206,207,210,217,219,220,221,222,223,224,227,242,244,246,248,249,258,261,285,286,287,290,291,292,293,294,295,296,297,298,299,300,301,302,303,305,306,307,308,310,311,312,313,314],"missing_branches":[[115,116],[155,163],[242,243],[244,245],[287,288],[290,317]],"missing_lines":[83,84,116,161,162,243,245,288,317],"start_line":1,"summary":{"covered_branches":52,"covered_lines":142,"excluded_lines":0,"missing_branches":6,"missing_lines":9,"num_branches":58,"num_partial_branches":6,"num_statements":151,"percent_branches_covered":89.65517241379311,"percent_branches_covered_display":"90","percent_covered":92.82296650717703,"percent_covered_display":"93","percent_statements_covered":94.03973509933775,"percent_statements_covered_display":"94"}},"HttpErrorKind":{"excluded_lines":[],"executed_branches":[],"executed_lines":[],"missing_branches":[],"missing_lines":[],"start_line":62,"summary":{"covered_branches":0,"covered_lines":0,"excluded_lines":0,"missing_branches":0,"missing_lines":0,"num_branches":0,"num_partial_branches":0,"num_statements":0,"percent_branches_covered":100.0,"percent_branches_covered_display":"100","percent_covered":100.0,"percent_covered_display":"100","percent_statements_covered":100.0,"percent_statements_covered_display":"100"}},"_safe_redirect_handler.SafeRedirectHandler":{"excluded_lines":[],"executed_branches":[[92,94],[96,97],[96,101],[97,98],[97,101],[98,97],[98,99],[99,100]],"executed_lines":[91,92,94,95,96,97,98,99,100,101],"missing_branches":[[92,93],[99,98]],"missing_lines":[93],"start_line":89,"summary":{"covered_branches":8,"covered_lines":10,"excluded_lines":0,"missing_branches":2,"missing_lines":1,"num_branches":10,"num_partial_branches":2,"num_statements":11,"percent_branches_covered":80.0,"percent_branches_covered_display":"80","percent_covered":85.71428571428571,"percent_covered_display":"86","percent_statements_covered":90.9090909090909,"percent_statements_covered_display":"91"}}},"excluded_lines":[],"executed_branches":[[44,45],[44,50],[85,86],[85,87],[92,94],[96,97],[96,101],[97,98],[97,101],[98,97],[98,99],[99,100],[115,117],[131,132],[131,133],[136,137],[136,153],[139,140],[139,143],[147,148],[147,149],[153,154],[153,163],[155,156],[159,160],[159,163],[186,187],[186,203],[188,189],[188,190],[190,191],[190,198],[192,196],[192,197],[198,199],[198,200],[200,201],[200,202],[203,204],[203,205],[205,206],[205,207],[219,220],[219,221],[222,223],[222,224],[242,244],[244,246],[285,286],[285,287],[287,290],[290,291],[294,295],[294,296],[300,301],[300,302],[302,303],[302,305],[306,307],[306,310]],"executed_lines":[28,30,31,32,33,34,36,37,40,44,45,47,48,49,50,59,62,65,66,67,70,71,72,74,78,79,80,81,82,85,86,87,89,90,91,92,94,95,96,97,98,99,100,101,103,106,108,110,111,112,113,114,115,117,118,121,130,131,132,133,135,136,137,138,139,140,141,142,143,144,146,147,148,149,150,151,153,154,155,156,157,158,159,160,163,166,167,169,172,183,184,186,187,188,189,190,191,192,196,197,198,199,200,201,202,203,204,205,206,207,210,217,219,220,221,222,223,224,227,242,244,246,248,249,258,261,285,286,287,290,291,292,293,294,295,296,297,298,299,300,301,302,303,305,306,307,308,310,311,312,313,314],"functions":{"":{"excluded_lines":[],"executed_branches":[],"executed_lines":[28,30,31,32,33,34,36,37,40,59,62,65,66,67,70,106,121,166,172,210,227,261],"missing_branches":[],"missing_lines":[],"start_line":1,"summary":{"covered_branches":0,"covered_lines":22,"excluded_lines":0,"missing_branches":0,"missing_lines":0,"num_branches":0,"num_partial_branches":0,"num_statements":22,"percent_branches_covered":100.0,"percent_branches_covered_display":"100","percent_covered":100.0,"percent_covered_display":"100","percent_statements_covered":100.0,"percent_statements_covered_display":"100"}},"__getattr__":{"excluded_lines":[],"executed_branches":[[44,45],[44,50]],"executed_lines":[44,45,47,48,49,50],"missing_branches":[],"missing_lines":[],"start_line":40,"summary":{"covered_branches":2,"covered_lines":6,"excluded_lines":0,"missing_branches":0,"missing_lines":0,"num_branches":2,"num_partial_branches":0,"num_statements":6,"percent_branches_covered":100.0,"percent_branches_covered_display":"100","percent_covered":100.0,"percent_covered_display":"100","percent_statements_covered":100.0,"percent_statements_covered_display":"100"}},"_parsedate_to_datetime":{"excluded_lines":[],"executed_branches":[],"executed_lines":[167,169],"missing_branches":[],"missing_lines":[],"start_line":166,"summary":{"covered_branches":0,"covered_lines":2,"excluded_lines":0,"missing_branches":0,"missing_lines":0,"num_branches":0,"num_partial_branches":0,"num_statements":2,"percent_branches_covered":100.0,"percent_branches_covered_display":"100","percent_covered":100.0,"percent_covered_display":"100","percent_statements_covered":100.0,"percent_statements_covered_display":"100"}},"_safe_redirect_handler":{"excluded_lines":[],"executed_branches":[],"executed_lines":[71,72,74,78,89,90,103],"missing_branches":[],"missing_lines":[],"start_line":70,"summary":{"covered_branches":0,"covered_lines":7,"excluded_lines":0,"missing_branches":0,"missing_lines":0,"num_branches":0,"num_partial_branches":0,"num_statements":7,"percent_branches_covered":100.0,"percent_branches_covered_display":"100","percent_covered":100.0,"percent_covered_display":"100","percent_statements_covered":100.0,"percent_statements_covered_display":"100"}},"_safe_redirect_handler.SafeRedirectHandler.redirect_request":{"excluded_lines":[],"executed_branches":[[92,94],[96,97],[96,101],[97,98],[97,101],[98,97],[98,99],[99,100]],"executed_lines":[91,92,94,95,96,97,98,99,100,101],"missing_branches":[[92,93],[99,98]],"missing_lines":[93],"start_line":90,"summary":{"covered_branches":8,"covered_lines":10,"excluded_lines":0,"missing_branches":2,"missing_lines":1,"num_branches":10,"num_partial_branches":2,"num_statements":11,"percent_branches_covered":80.0,"percent_branches_covered_display":"80","percent_covered":85.71428571428571,"percent_covered_display":"86","percent_statements_covered":90.9090909090909,"percent_statements_covered_display":"91"}},"_safe_redirect_handler.origin":{"excluded_lines":[],"executed_branches":[[85,86],[85,87]],"executed_lines":[79,80,81,82,85,86,87],"missing_branches":[],"missing_lines":[83,84],"start_line":78,"summary":{"covered_branches":2,"covered_lines":7,"excluded_lines":0,"missing_branches":0,"missing_lines":2,"num_branches":2,"num_partial_branches":0,"num_statements":9,"percent_branches_covered":100.0,"percent_branches_covered_display":"100","percent_covered":81.81818181818181,"percent_covered_display":"82","percent_statements_covered":77.77777777777777,"percent_statements_covered_display":"78"}},"classify":{"excluded_lines":[],"executed_branches":[[186,187],[186,203],[188,189],[188,190],[190,191],[190,198],[192,196],[192,197],[198,199],[198,200],[200,201],[200,202],[203,204],[203,205],[205,206],[205,207]],"executed_lines":[183,184,186,187,188,189,190,191,192,196,197,198,199,200,201,202,203,204,205,206,207],"missing_branches":[],"missing_lines":[],"start_line":172,"summary":{"covered_branches":16,"covered_lines":21,"excluded_lines":0,"missing_branches":0,"missing_lines":0,"num_branches":16,"num_partial_branches":0,"num_statements":21,"percent_branches_covered":100.0,"percent_branches_covered_display":"100","percent_covered":100.0,"percent_covered_display":"100","percent_statements_covered":100.0,"percent_statements_covered_display":"100"}},"describe_failure":{"excluded_lines":[],"executed_branches":[[219,220],[219,221],[222,223],[222,224]],"executed_lines":[217,219,220,221,222,223,224],"missing_branches":[],"missing_lines":[],"start_line":210,"summary":{"covered_branches":4,"covered_lines":7,"excluded_lines":0,"missing_branches":0,"missing_lines":0,"num_branches":4,"num_partial_branches":0,"num_statements":7,"percent_branches_covered":100.0,"percent_branches_covered_display":"100","percent_covered":100.0,"percent_covered_display":"100","percent_statements_covered":100.0,"percent_statements_covered_display":"100"}},"make_retry":{"excluded_lines":[],"executed_branches":[[242,244],[244,246]],"executed_lines":[242,244,246,248,258],"missing_branches":[[242,243],[244,245]],"missing_lines":[243,245],"start_line":227,"summary":{"covered_branches":2,"covered_lines":5,"excluded_lines":0,"missing_branches":2,"missing_lines":2,"num_branches":4,"num_partial_branches":2,"num_statements":7,"percent_branches_covered":50.0,"percent_branches_covered_display":"50","percent_covered":63.63636363636363,"percent_covered_display":"64","percent_statements_covered":71.42857142857143,"percent_statements_covered_display":"71"}},"make_retry.retry":{"excluded_lines":[],"executed_branches":[],"executed_lines":[249],"missing_branches":[],"missing_lines":[],"start_line":248,"summary":{"covered_branches":0,"covered_lines":1,"excluded_lines":0,"missing_branches":0,"missing_lines":0,"num_branches":0,"num_partial_branches":0,"num_statements":1,"percent_branches_covered":100.0,"percent_branches_covered_display":"100","percent_covered":100.0,"percent_covered_display":"100","percent_statements_covered":100.0,"percent_statements_covered_display":"100"}},"retry_after_seconds":{"excluded_lines":[],"executed_branches":[[131,132],[131,133],[136,137],[136,153],[139,140],[139,143],[147,148],[147,149],[153,154],[153,163],[155,156],[159,160],[159,163]],"executed_lines":[130,131,132,133,135,136,137,138,139,140,141,142,143,144,146,147,148,149,150,151,153,154,155,156,157,158,159,160,163],"missing_branches":[[155,163]],"missing_lines":[161,162],"start_line":121,"summary":{"covered_branches":13,"covered_lines":29,"excluded_lines":0,"missing_branches":1,"missing_lines":2,"num_branches":14,"num_partial_branches":1,"num_statements":31,"percent_branches_covered":92.85714285714286,"percent_branches_covered_display":"93","percent_covered":93.33333333333333,"percent_covered_display":"93","percent_statements_covered":93.54838709677419,"percent_statements_covered_display":"94"}},"retry_http":{"excluded_lines":[],"executed_branches":[[285,286],[285,287],[287,290],[290,291],[294,295],[294,296],[300,301],[300,302],[302,303],[302,305],[306,307],[306,310]],"executed_lines":[285,286,287,290,291,292,293,294,295,296,297,298,299,300,301,302,303,305,306,307,308,310,311,312,313,314],"missing_branches":[[287,288],[290,317]],"missing_lines":[288,317],"start_line":261,"summary":{"covered_branches":12,"covered_lines":26,"excluded_lines":0,"missing_branches":2,"missing_lines":2,"num_branches":14,"num_partial_branches":2,"num_statements":28,"percent_branches_covered":85.71428571428571,"percent_branches_covered_display":"86","percent_covered":90.47619047619048,"percent_covered_display":"90","percent_statements_covered":92.85714285714286,"percent_statements_covered_display":"93"}},"safe_urlopen":{"excluded_lines":[],"executed_branches":[[115,117]],"executed_lines":[108,110,111,112,113,114,115,117,118],"missing_branches":[[115,116]],"missing_lines":[116],"start_line":106,"summary":{"covered_branches":1,"covered_lines":9,"excluded_lines":0,"missing_branches":1,"missing_lines":1,"num_branches":2,"num_partial_branches":1,"num_statements":10,"percent_branches_covered":50.0,"percent_branches_covered_display":"50","percent_covered":83.33333333333333,"percent_covered_display":"83","percent_statements_covered":90.0,"percent_statements_covered_display":"90"}}},"missing_branches":[[92,93],[99,98],[115,116],[155,163],[242,243],[244,245],[287,288],[290,317]],"missing_lines":[83,84,93,116,161,162,243,245,288,317],"summary":{"covered_branches":60,"covered_lines":152,"excluded_lines":0,"missing_branches":8,"missing_lines":10,"num_branches":68,"num_partial_branches":8,"num_statements":162,"percent_branches_covered":88.23529411764706,"percent_branches_covered_display":"88","percent_covered":92.17391304347827,"percent_covered_display":"92","percent_statements_covered":93.82716049382717,"percent_statements_covered_display":"94"}},"src/leitir/_update_check.py":{"classes":{"":{"excluded_lines":[],"executed_branches":[[61,62],[61,63],[63,64],[63,65],[65,66],[65,67],[67,68],[67,69],[73,74],[73,75],[88,89],[88,90],[98,103],[103,105],[121,123],[127,129],[137,139],[139,140],[139,141],[188,190],[192,194],[196,198],[224,225],[224,226],[246,248],[250,251],[250,254],[256,259],[259,260],[259,263],[296,297],[314,315],[314,316],[318,319],[318,337],[319,326],[332,333],[332,337],[335,337],[337,338],[337,339],[340,341],[340,342]],"executed_lines":[20,22,23,24,25,26,27,28,29,30,31,32,33,35,36,37,38,39,40,41,42,43,44,46,47,48,51,52,53,54,55,58,61,62,63,64,65,66,67,68,69,72,73,74,75,76,83,86,87,88,89,90,91,92,93,96,97,98,103,105,106,107,112,113,116,117,120,121,123,124,127,129,132,133,134,135,136,137,139,140,141,144,147,148,149,150,151,152,153,154,155,156,157,158,159,160,175,176,183,184,187,188,190,191,192,194,195,196,198,199,209,216,219,220,223,224,225,226,228,231,232,243,244,245,246,248,249,250,251,252,254,255,256,259,260,261,263,264,265,266,276,277,284,288,289,291,292,293,296,297,311,314,315,316,317,318,319,326,327,328,329,332,333,334,335,337,338,339,340,341,342,343,354],"missing_branches":[[98,99],[100,101],[100,102],[103,104],[121,122],[127,128],[137,138],[162,163],[162,167],[167,168],[167,172],[188,189],[192,193],[196,197],[246,247],[256,257],[296,298],[302,303],[302,304],[319,323],[335,336]],"missing_lines":[77,80,99,100,101,102,104,108,109,122,125,126,128,138,161,162,163,164,165,166,167,168,169,170,171,172,189,193,197,210,213,247,257,258,278,281,294,295,298,299,300,301,302,303,304,305,306,307,308,323,330,331,336,350,351],"start_line":1,"summary":{"covered_branches":43,"covered_lines":173,"excluded_lines":0,"missing_branches":21,"missing_lines":55,"num_branches":64,"num_partial_branches":13,"num_statements":228,"percent_branches_covered":67.1875,"percent_branches_covered_display":"67","percent_covered":73.97260273972603,"percent_covered_display":"74","percent_statements_covered":75.87719298245614,"percent_statements_covered_display":"76"}}},"excluded_lines":[],"executed_branches":[[61,62],[61,63],[63,64],[63,65],[65,66],[65,67],[67,68],[67,69],[73,74],[73,75],[88,89],[88,90],[98,103],[103,105],[121,123],[127,129],[137,139],[139,140],[139,141],[188,190],[192,194],[196,198],[224,225],[224,226],[246,248],[250,251],[250,254],[256,259],[259,260],[259,263],[296,297],[314,315],[314,316],[318,319],[318,337],[319,326],[332,333],[332,337],[335,337],[337,338],[337,339],[340,341],[340,342]],"executed_lines":[20,22,23,24,25,26,27,28,29,30,31,32,33,35,36,37,38,39,40,41,42,43,44,46,47,48,51,52,53,54,55,58,61,62,63,64,65,66,67,68,69,72,73,74,75,76,83,86,87,88,89,90,91,92,93,96,97,98,103,105,106,107,112,113,116,117,120,121,123,124,127,129,132,133,134,135,136,137,139,140,141,144,147,148,149,150,151,152,153,154,155,156,157,158,159,160,175,176,183,184,187,188,190,191,192,194,195,196,198,199,209,216,219,220,223,224,225,226,228,231,232,243,244,245,246,248,249,250,251,252,254,255,256,259,260,261,263,264,265,266,276,277,284,288,289,291,292,293,296,297,311,314,315,316,317,318,319,326,327,328,329,332,333,334,335,337,338,339,340,341,342,343,354],"functions":{"":{"excluded_lines":[],"executed_branches":[],"executed_lines":[20,22,23,24,25,26,27,28,29,30,31,32,33,35,36,37,38,39,40,41,42,43,44,46,47,48,51,58,72,83,96,112,116,120,132,144,175,216,223,231,243,284,311,354],"missing_branches":[],"missing_lines":[],"start_line":1,"summary":{"covered_branches":0,"covered_lines":44,"excluded_lines":0,"missing_branches":0,"missing_lines":0,"num_branches":0,"num_partial_branches":0,"num_statements":44,"percent_branches_covered":100.0,"percent_branches_covered_display":"100","percent_covered":100.0,"percent_covered_display":"100","percent_statements_covered":100.0,"percent_statements_covered_display":"100"}},"_cache_path":{"excluded_lines":[],"executed_branches":[[98,103],[103,105]],"executed_lines":[97,98,103,105,106,107],"missing_branches":[[98,99],[100,101],[100,102],[103,104]],"missing_lines":[99,100,101,102,104,108,109],"start_line":96,"summary":{"covered_branches":2,"covered_lines":6,"excluded_lines":0,"missing_branches":4,"missing_lines":7,"num_branches":6,"num_partial_branches":2,"num_statements":13,"percent_branches_covered":33.333333333333336,"percent_branches_covered_display":"33","percent_covered":42.10526315789474,"percent_covered_display":"42","percent_statements_covered":46.15384615384615,"percent_statements_covered_display":"46"}},"_compare_versions":{"excluded_lines":[],"executed_branches":[[88,89],[88,90]],"executed_lines":[86,87,88,89,90,91,92,93],"missing_branches":[],"missing_lines":[],"start_line":83,"summary":{"covered_branches":2,"covered_lines":8,"excluded_lines":0,"missing_branches":0,"missing_lines":0,"num_branches":2,"num_partial_branches":0,"num_statements":8,"percent_branches_covered":100.0,"percent_branches_covered_display":"100","percent_covered":100.0,"percent_covered_display":"100","percent_statements_covered":100.0,"percent_statements_covered_display":"100"}},"_fetch_latest_release":{"excluded_lines":[],"executed_branches":[[188,190],[192,194],[196,198]],"executed_lines":[176,183,184,187,188,190,191,192,194,195,196,198,199,209],"missing_branches":[[188,189],[192,193],[196,197]],"missing_lines":[189,193,197,210,213],"start_line":175,"summary":{"covered_branches":3,"covered_lines":14,"excluded_lines":0,"missing_branches":3,"missing_lines":5,"num_branches":6,"num_partial_branches":3,"num_statements":19,"percent_branches_covered":50.0,"percent_branches_covered_display":"50","percent_covered":68.0,"percent_covered_display":"68","percent_statements_covered":73.6842105263158,"percent_statements_covered_display":"74"}},"_fetch_latest_version":{"excluded_lines":[],"executed_branches":[],"executed_lines":[219,220],"missing_branches":[],"missing_lines":[],"start_line":216,"summary":{"covered_branches":0,"covered_lines":2,"excluded_lines":0,"missing_branches":0,"missing_lines":0,"num_branches":0,"num_partial_branches":0,"num_statements":2,"percent_branches_covered":100.0,"percent_branches_covered_display":"100","percent_covered":100.0,"percent_covered_display":"100","percent_statements_covered":100.0,"percent_statements_covered_display":"100"}},"_format_time":{"excluded_lines":[],"executed_branches":[],"executed_lines":[117],"missing_branches":[],"missing_lines":[],"start_line":116,"summary":{"covered_branches":0,"covered_lines":1,"excluded_lines":0,"missing_branches":0,"missing_lines":0,"num_branches":0,"num_partial_branches":0,"num_statements":1,"percent_branches_covered":100.0,"percent_branches_covered_display":"100","percent_covered":100.0,"percent_covered_display":"100","percent_statements_covered":100.0,"percent_statements_covered_display":"100"}},"_initial_cache":{"excluded_lines":[],"executed_branches":[],"executed_lines":[232],"missing_branches":[],"missing_lines":[],"start_line":231,"summary":{"covered_branches":0,"covered_lines":1,"excluded_lines":0,"missing_branches":0,"missing_lines":0,"num_branches":0,"num_partial_branches":0,"num_statements":1,"percent_branches_covered":100.0,"percent_branches_covered_display":"100","percent_covered":100.0,"percent_covered_display":"100","percent_statements_covered":100.0,"percent_statements_covered_display":"100"}},"_installed_version":{"excluded_lines":[],"executed_branches":[],"executed_lines":[52,53,54,55],"missing_branches":[],"missing_lines":[],"start_line":51,"summary":{"covered_branches":0,"covered_lines":4,"excluded_lines":0,"missing_branches":0,"missing_lines":0,"num_branches":0,"num_partial_branches":0,"num_statements":4,"percent_branches_covered":100.0,"percent_branches_covered_display":"100","percent_covered":100.0,"percent_covered_display":"100","percent_statements_covered":100.0,"percent_statements_covered_display":"100"}},"_parse_numeric_version":{"excluded_lines":[],"executed_branches":[[73,74],[73,75]],"executed_lines":[73,74,75,76],"missing_branches":[],"missing_lines":[77,80],"start_line":72,"summary":{"covered_branches":2,"covered_lines":4,"excluded_lines":0,"missing_branches":0,"missing_lines":2,"num_branches":2,"num_partial_branches":0,"num_statements":6,"percent_branches_covered":100.0,"percent_branches_covered_display":"100","percent_covered":75.0,"percent_covered_display":"75","percent_statements_covered":66.66666666666667,"percent_statements_covered_display":"67"}},"_parse_time":{"excluded_lines":[],"executed_branches":[[121,123],[127,129]],"executed_lines":[121,123,124,127,129],"missing_branches":[[121,122],[127,128]],"missing_lines":[122,125,126,128],"start_line":120,"summary":{"covered_branches":2,"covered_lines":5,"excluded_lines":0,"missing_branches":2,"missing_lines":4,"num_branches":4,"num_partial_branches":2,"num_statements":9,"percent_branches_covered":50.0,"percent_branches_covered_display":"50","percent_covered":53.84615384615385,"percent_covered_display":"54","percent_statements_covered":55.55555555555556,"percent_statements_covered_display":"56"}},"_read_cache":{"excluded_lines":[],"executed_branches":[[137,139],[139,140],[139,141]],"executed_lines":[133,134,135,136,137,139,140,141],"missing_branches":[[137,138]],"missing_lines":[138],"start_line":132,"summary":{"covered_branches":3,"covered_lines":8,"excluded_lines":0,"missing_branches":1,"missing_lines":1,"num_branches":4,"num_partial_branches":1,"num_statements":9,"percent_branches_covered":75.0,"percent_branches_covered_display":"75","percent_covered":84.61538461538461,"percent_covered_display":"85","percent_statements_covered":88.88888888888889,"percent_statements_covered_display":"89"}},"_run_update_check":{"excluded_lines":[],"executed_branches":[[246,248],[250,251],[250,254],[256,259],[259,260],[259,263]],"executed_lines":[244,245,246,248,249,250,251,252,254,255,256,259,260,261,263,264,265,266,276,277],"missing_branches":[[246,247],[256,257]],"missing_lines":[247,257,258,278,281],"start_line":243,"summary":{"covered_branches":6,"covered_lines":20,"excluded_lines":0,"missing_branches":2,"missing_lines":5,"num_branches":8,"num_partial_branches":2,"num_statements":25,"percent_branches_covered":75.0,"percent_branches_covered_display":"75","percent_covered":78.78787878787878,"percent_covered_display":"79","percent_statements_covered":80.0,"percent_statements_covered_display":"80"}},"_set_result":{"excluded_lines":[],"executed_branches":[[224,225],[224,226]],"executed_lines":[224,225,226,228],"missing_branches":[],"missing_lines":[],"start_line":223,"summary":{"covered_branches":2,"covered_lines":4,"excluded_lines":0,"missing_branches":0,"missing_lines":0,"num_branches":2,"num_partial_branches":0,"num_statements":4,"percent_branches_covered":100.0,"percent_branches_covered_display":"100","percent_covered":100.0,"percent_covered_display":"100","percent_statements_covered":100.0,"percent_statements_covered_display":"100"}},"_utc_now":{"excluded_lines":[],"executed_branches":[],"executed_lines":[113],"missing_branches":[],"missing_lines":[],"start_line":112,"summary":{"covered_branches":0,"covered_lines":1,"excluded_lines":0,"missing_branches":0,"missing_lines":0,"num_branches":0,"num_partial_branches":0,"num_statements":1,"percent_branches_covered":100.0,"percent_branches_covered_display":"100","percent_covered":100.0,"percent_covered_display":"100","percent_statements_covered":100.0,"percent_statements_covered_display":"100"}},"_write_cache":{"excluded_lines":[],"executed_branches":[],"executed_lines":[147,148,149,150,151,152,153,154,155,156,157,158,159,160],"missing_branches":[[162,163],[162,167],[167,168],[167,172]],"missing_lines":[161,162,163,164,165,166,167,168,169,170,171,172],"start_line":144,"summary":{"covered_branches":0,"covered_lines":14,"excluded_lines":0,"missing_branches":4,"missing_lines":12,"num_branches":4,"num_partial_branches":0,"num_statements":26,"percent_branches_covered":0.0,"percent_branches_covered_display":"0","percent_covered":46.666666666666664,"percent_covered_display":"47","percent_statements_covered":53.84615384615385,"percent_statements_covered_display":"54"}},"maybe_emit_update_notice":{"excluded_lines":[],"executed_branches":[[314,315],[314,316],[318,319],[318,337],[319,326],[332,333],[332,337],[335,337],[337,338],[337,339],[340,341],[340,342]],"executed_lines":[314,315,316,317,318,319,326,327,328,329,332,333,334,335,337,338,339,340,341,342,343],"missing_branches":[[319,323],[335,336]],"missing_lines":[323,330,331,336,350,351],"start_line":311,"summary":{"covered_branches":12,"covered_lines":21,"excluded_lines":0,"missing_branches":2,"missing_lines":6,"num_branches":14,"num_partial_branches":2,"num_statements":27,"percent_branches_covered":85.71428571428571,"percent_branches_covered_display":"86","percent_covered":80.48780487804878,"percent_covered_display":"80","percent_statements_covered":77.77777777777777,"percent_statements_covered_display":"78"}},"maybe_start_update_check":{"excluded_lines":[],"executed_branches":[[296,297]],"executed_lines":[288,289,291,292,293,296,297],"missing_branches":[[296,298],[302,303],[302,304]],"missing_lines":[294,295,298,299,300,301,302,303,304,305,306,307,308],"start_line":284,"summary":{"covered_branches":1,"covered_lines":7,"excluded_lines":0,"missing_branches":3,"missing_lines":13,"num_branches":4,"num_partial_branches":1,"num_statements":20,"percent_branches_covered":25.0,"percent_branches_covered_display":"25","percent_covered":33.333333333333336,"percent_covered_display":"33","percent_statements_covered":35.0,"percent_statements_covered_display":"35"}},"should_check":{"excluded_lines":[],"executed_branches":[[61,62],[61,63],[63,64],[63,65],[65,66],[65,67],[67,68],[67,69]],"executed_lines":[61,62,63,64,65,66,67,68,69],"missing_branches":[],"missing_lines":[],"start_line":58,"summary":{"covered_branches":8,"covered_lines":9,"excluded_lines":0,"missing_branches":0,"missing_lines":0,"num_branches":8,"num_partial_branches":0,"num_statements":9,"percent_branches_covered":100.0,"percent_branches_covered_display":"100","percent_covered":100.0,"percent_covered_display":"100","percent_statements_covered":100.0,"percent_statements_covered_display":"100"}}},"missing_branches":[[98,99],[100,101],[100,102],[103,104],[121,122],[127,128],[137,138],[162,163],[162,167],[167,168],[167,172],[188,189],[192,193],[196,197],[246,247],[256,257],[296,298],[302,303],[302,304],[319,323],[335,336]],"missing_lines":[77,80,99,100,101,102,104,108,109,122,125,126,128,138,161,162,163,164,165,166,167,168,169,170,171,172,189,193,197,210,213,247,257,258,278,281,294,295,298,299,300,301,302,303,304,305,306,307,308,323,330,331,336,350,351],"summary":{"covered_branches":43,"covered_lines":173,"excluded_lines":0,"missing_branches":21,"missing_lines":55,"num_branches":64,"num_partial_branches":13,"num_statements":228,"percent_branches_covered":67.1875,"percent_branches_covered_display":"67","percent_covered":73.97260273972603,"percent_covered_display":"74","percent_statements_covered":75.87719298245614,"percent_statements_covered_display":"76"}},"src/leitir/adapters.py":{"classes":{"":{"excluded_lines":[38,40,44,50,51],"executed_branches":[],"executed_lines":[8,10,11,12,14,17,18,21,22,23,25,34,35,41,45,52,54,57,60,61,66,69,70,73,76,103,117,173,188,198,209,212,213,216,219,258,317,341,344,345,348,351,390,450],"missing_branches":[],"missing_lines":[],"start_line":1,"summary":{"covered_branches":0,"covered_lines":44,"excluded_lines":5,"missing_branches":0,"missing_lines":0,"num_branches":0,"num_partial_branches":0,"num_statements":44,"percent_branches_covered":100.0,"percent_branches_covered_display":"100","percent_covered":100.0,"percent_covered_display":"100","percent_statements_covered":100.0,"percent_statements_covered_display":"100"}},"GoAdapter":{"excluded_lines":[],"executed_branches":[[358,361],[362,363],[362,371],[364,365],[368,362],[368,369],[372,373],[372,388],[378,379],[396,397],[396,399],[399,400],[399,403],[403,404],[403,407],[407,416],[416,417],[416,419],[419,420],[419,427],[427,428],[427,436],[436,437],[436,440],[440,441],[459,460],[459,464],[460,459],[460,461],[461,460],[461,462]],"executed_lines":[346,349,354,355,358,361,362,363,364,365,368,369,371,372,373,378,379,388,393,394,396,397,399,400,401,403,404,405,407,416,417,419,420,425,427,428,429,436,437,438,440,441,451,452,459,460,461,462,463,464],"missing_branches":[[358,359],[364,367],[378,372],[407,408],[409,410],[409,411],[440,448]],"missing_lines":[359,367,408,409,410,411,414,448],"start_line":341,"summary":{"covered_branches":31,"covered_lines":50,"excluded_lines":0,"missing_branches":7,"missing_lines":8,"num_branches":38,"num_partial_branches":5,"num_statements":58,"percent_branches_covered":81.57894736842105,"percent_branches_covered_display":"82","percent_covered":84.375,"percent_covered_display":"84","percent_statements_covered":86.20689655172414,"percent_statements_covered_display":"86"}},"LanguageAdapter":{"excluded_lines":[39,43,49],"executed_branches":[],"executed_lines":[],"missing_branches":[],"missing_lines":[],"start_line":35,"summary":{"covered_branches":0,"covered_lines":0,"excluded_lines":3,"missing_branches":0,"missing_lines":0,"num_branches":0,"num_partial_branches":0,"num_statements":0,"percent_branches_covered":100.0,"percent_branches_covered_display":"100","percent_covered":100.0,"percent_covered_display":"100","percent_statements_covered":100.0,"percent_statements_covered_display":"100"}},"PythonAdapter":{"excluded_lines":[],"executed_branches":[[83,86],[87,88],[87,90],[91,92],[91,101],[93,94],[107,108],[107,115],[109,110],[113,107],[113,114],[123,124],[123,126],[126,127],[126,130],[130,131],[130,134],[134,143],[143,144],[143,146],[146,155],[155,164],[164,165],[164,168],[168,169],[175,176],[175,186],[180,181],[180,183],[184,175],[190,191],[190,196],[192,193],[192,194],[194,190],[194,195],[202,203],[202,206],[204,205]],"executed_lines":[71,74,79,80,83,86,87,88,90,91,92,93,94,101,106,107,108,109,110,113,114,115,120,121,123,124,126,127,128,130,131,132,134,143,144,146,155,164,165,166,168,169,174,175,176,180,181,182,183,184,186,189,190,191,192,193,194,195,196,201,202,203,204,205,206],"missing_branches":[[83,84],[93,91],[109,112],[134,135],[136,137],[136,138],[146,147],[155,156],[168,171],[184,185],[204,202]],"missing_lines":[84,112,135,136,137,138,141,147,152,153,156,157,171,185],"start_line":66,"summary":{"covered_branches":39,"covered_lines":65,"excluded_lines":0,"missing_branches":11,"missing_lines":14,"num_branches":50,"num_partial_branches":9,"num_statements":79,"percent_branches_covered":78.0,"percent_branches_covered_display":"78","percent_covered":80.62015503875969,"percent_covered_display":"81","percent_statements_covered":82.27848101265823,"percent_statements_covered_display":"82"}},"RustAdapter":{"excluded_lines":[],"executed_branches":[[226,229],[230,231],[230,239],[232,233],[236,230],[236,237],[240,241],[240,256],[246,247],[264,265],[264,267],[267,268],[267,271],[271,272],[271,275],[275,284],[284,285],[284,287],[287,288],[287,295],[295,296],[295,304],[304,305],[304,308],[308,309],[333,334],[333,338],[334,333],[334,335],[335,334],[335,336]],"executed_lines":[214,217,222,223,226,229,230,231,232,233,236,237,239,240,241,246,247,256,261,262,264,265,267,268,269,271,272,273,275,284,285,287,288,293,295,296,297,304,305,306,308,309,318,319,333,334,335,336,337,338],"missing_branches":[[226,227],[232,235],[246,240],[275,276],[277,278],[277,279],[308,315]],"missing_lines":[227,235,276,277,278,279,282,315],"start_line":209,"summary":{"covered_branches":31,"covered_lines":50,"excluded_lines":0,"missing_branches":7,"missing_lines":8,"num_branches":38,"num_partial_branches":5,"num_statements":58,"percent_branches_covered":81.57894736842105,"percent_branches_covered_display":"82","percent_covered":84.375,"percent_covered_display":"84","percent_statements_covered":86.20689655172414,"percent_statements_covered_display":"86"}},"SpanMatch":{"excluded_lines":[],"executed_branches":[[26,27],[26,28],[28,29],[28,30],[30,-25],[30,31]],"executed_lines":[26,27,28,29,30,31],"missing_branches":[],"missing_lines":[],"start_line":18,"summary":{"covered_branches":6,"covered_lines":6,"excluded_lines":0,"missing_branches":0,"missing_lines":0,"num_branches":6,"num_partial_branches":0,"num_statements":6,"percent_branches_covered":100.0,"percent_branches_covered_display":"100","percent_covered":100.0,"percent_covered_display":"100","percent_statements_covered":100.0,"percent_statements_covered_display":"100"}}},"excluded_lines":[38,39,40,43,44,49,50,51],"executed_branches":[[26,27],[26,28],[28,29],[28,30],[30,-25],[30,31],[83,86],[87,88],[87,90],[91,92],[91,101],[93,94],[107,108],[107,115],[109,110],[113,107],[113,114],[123,124],[123,126],[126,127],[126,130],[130,131],[130,134],[134,143],[143,144],[143,146],[146,155],[155,164],[164,165],[164,168],[168,169],[175,176],[175,186],[180,181],[180,183],[184,175],[190,191],[190,196],[192,193],[192,194],[194,190],[194,195],[202,203],[202,206],[204,205],[226,229],[230,231],[230,239],[232,233],[236,230],[236,237],[240,241],[240,256],[246,247],[264,265],[264,267],[267,268],[267,271],[271,272],[271,275],[275,284],[284,285],[284,287],[287,288],[287,295],[295,296],[295,304],[304,305],[304,308],[308,309],[333,334],[333,338],[334,333],[334,335],[335,334],[335,336],[358,361],[362,363],[362,371],[364,365],[368,362],[368,369],[372,373],[372,388],[378,379],[396,397],[396,399],[399,400],[399,403],[403,404],[403,407],[407,416],[416,417],[416,419],[419,420],[419,427],[427,428],[427,436],[436,437],[436,440],[440,441],[459,460],[459,464],[460,459],[460,461],[461,460],[461,462]],"executed_lines":[8,10,11,12,14,17,18,21,22,23,25,26,27,28,29,30,31,34,35,41,45,52,54,57,60,61,66,69,70,71,73,74,76,79,80,83,86,87,88,90,91,92,93,94,101,103,106,107,108,109,110,113,114,115,117,120,121,123,124,126,127,128,130,131,132,134,143,144,146,155,164,165,166,168,169,173,174,175,176,180,181,182,183,184,186,188,189,190,191,192,193,194,195,196,198,201,202,203,204,205,206,209,212,213,214,216,217,219,222,223,226,229,230,231,232,233,236,237,239,240,241,246,247,256,258,261,262,264,265,267,268,269,271,272,273,275,284,285,287,288,293,295,296,297,304,305,306,308,309,317,318,319,333,334,335,336,337,338,341,344,345,346,348,349,351,354,355,358,361,362,363,364,365,368,369,371,372,373,378,379,388,390,393,394,396,397,399,400,401,403,404,405,407,416,417,419,420,425,427,428,429,436,437,438,440,441,450,451,452,459,460,461,462,463,464],"functions":{"":{"excluded_lines":[38,40,44,50,51],"executed_branches":[],"executed_lines":[8,10,11,12,14,17,18,21,22,23,25,34,35,41,45,52,54,57,60,61,66,69,70,73,76,103,117,173,188,198,209,212,213,216,219,258,317,341,344,345,348,351,390,450],"missing_branches":[],"missing_lines":[],"start_line":1,"summary":{"covered_branches":0,"covered_lines":44,"excluded_lines":5,"missing_branches":0,"missing_lines":0,"num_branches":0,"num_partial_branches":0,"num_statements":44,"percent_branches_covered":100.0,"percent_branches_covered_display":"100","percent_covered":100.0,"percent_covered_display":"100","percent_statements_covered":100.0,"percent_statements_covered_display":"100"}},"GoAdapter._definition_lines":{"excluded_lines":[],"executed_branches":[[459,460],[459,464],[460,459],[460,461],[461,460],[461,462]],"executed_lines":[451,452,459,460,461,462,463,464],"missing_branches":[],"missing_lines":[],"start_line":450,"summary":{"covered_branches":6,"covered_lines":8,"excluded_lines":0,"missing_branches":0,"missing_lines":0,"num_branches":6,"num_partial_branches":0,"num_statements":8,"percent_branches_covered":100.0,"percent_branches_covered_display":"100","percent_covered":100.0,"percent_covered_display":"100","percent_statements_covered":100.0,"percent_statements_covered_display":"100"}},"GoAdapter._lines_for_predicate":{"excluded_lines":[],"executed_branches":[[396,397],[396,399],[399,400],[399,403],[403,404],[403,407],[407,416],[416,417],[416,419],[419,420],[419,427],[427,428],[427,436],[436,437],[436,440],[440,441]],"executed_lines":[393,394,396,397,399,400,401,403,404,405,407,416,417,419,420,425,427,428,429,436,437,438,440,441],"missing_branches":[[407,408],[409,410],[409,411],[440,448]],"missing_lines":[408,409,410,411,414,448],"start_line":390,"summary":{"covered_branches":16,"covered_lines":24,"excluded_lines":0,"missing_branches":4,"missing_lines":6,"num_branches":20,"num_partial_branches":2,"num_statements":30,"percent_branches_covered":80.0,"percent_branches_covered_display":"80","percent_covered":80.0,"percent_covered_display":"80","percent_statements_covered":80.0,"percent_statements_covered_display":"80"}},"GoAdapter.eligible":{"excluded_lines":[],"executed_branches":[],"executed_lines":[349],"missing_branches":[],"missing_lines":[],"start_line":348,"summary":{"covered_branches":0,"covered_lines":1,"excluded_lines":0,"missing_branches":0,"missing_lines":0,"num_branches":0,"num_partial_branches":0,"num_statements":1,"percent_branches_covered":100.0,"percent_branches_covered_display":"100","percent_covered":100.0,"percent_covered_display":"100","percent_statements_covered":100.0,"percent_statements_covered_display":"100"}},"GoAdapter.find_matches":{"excluded_lines":[],"executed_branches":[[358,361],[362,363],[362,371],[364,365],[368,362],[368,369],[372,373],[372,388],[378,379]],"executed_lines":[354,355,358,361,362,363,364,365,368,369,371,372,373,378,379,388],"missing_branches":[[358,359],[364,367],[378,372]],"missing_lines":[359,367],"start_line":351,"summary":{"covered_branches":9,"covered_lines":16,"excluded_lines":0,"missing_branches":3,"missing_lines":2,"num_branches":12,"num_partial_branches":3,"num_statements":18,"percent_branches_covered":75.0,"percent_branches_covered_display":"75","percent_covered":83.33333333333333,"percent_covered_display":"83","percent_statements_covered":88.88888888888889,"percent_statements_covered_display":"89"}},"GoAdapter.language":{"excluded_lines":[],"executed_branches":[],"executed_lines":[346],"missing_branches":[],"missing_lines":[],"start_line":345,"summary":{"covered_branches":0,"covered_lines":1,"excluded_lines":0,"missing_branches":0,"missing_lines":0,"num_branches":0,"num_partial_branches":0,"num_statements":1,"percent_branches_covered":100.0,"percent_branches_covered_display":"100","percent_covered":100.0,"percent_covered_display":"100","percent_statements_covered":100.0,"percent_statements_covered_display":"100"}},"LanguageAdapter.eligible":{"excluded_lines":[43],"executed_branches":[],"executed_lines":[],"missing_branches":[],"missing_lines":[],"start_line":41,"summary":{"covered_branches":0,"covered_lines":0,"excluded_lines":1,"missing_branches":0,"missing_lines":0,"num_branches":0,"num_partial_branches":0,"num_statements":0,"percent_branches_covered":100.0,"percent_branches_covered_display":"100","percent_covered":100.0,"percent_covered_display":"100","percent_statements_covered":100.0,"percent_statements_covered_display":"100"}},"LanguageAdapter.find_matches":{"excluded_lines":[49],"executed_branches":[],"executed_lines":[],"missing_branches":[],"missing_lines":[],"start_line":45,"summary":{"covered_branches":0,"covered_lines":0,"excluded_lines":1,"missing_branches":0,"missing_lines":0,"num_branches":0,"num_partial_branches":0,"num_statements":0,"percent_branches_covered":100.0,"percent_branches_covered_display":"100","percent_covered":100.0,"percent_covered_display":"100","percent_statements_covered":100.0,"percent_statements_covered_display":"100"}},"LanguageAdapter.language":{"excluded_lines":[39],"executed_branches":[],"executed_lines":[],"missing_branches":[],"missing_lines":[],"start_line":39,"summary":{"covered_branches":0,"covered_lines":0,"excluded_lines":1,"missing_branches":0,"missing_lines":0,"num_branches":0,"num_partial_branches":0,"num_statements":0,"percent_branches_covered":100.0,"percent_branches_covered_display":"100","percent_covered":100.0,"percent_covered_display":"100","percent_statements_covered":100.0,"percent_statements_covered_display":"100"}},"PythonAdapter._candidate_lines":{"excluded_lines":[],"executed_branches":[[107,108],[107,115],[109,110],[113,107],[113,114]],"executed_lines":[106,107,108,109,110,113,114,115],"missing_branches":[[109,112]],"missing_lines":[112],"start_line":103,"summary":{"covered_branches":5,"covered_lines":8,"excluded_lines":0,"missing_branches":1,"missing_lines":1,"num_branches":6,"num_partial_branches":1,"num_statements":9,"percent_branches_covered":83.33333333333333,"percent_branches_covered_display":"83","percent_covered":86.66666666666667,"percent_covered_display":"87","percent_statements_covered":88.88888888888889,"percent_statements_covered_display":"89"}},"PythonAdapter._definition_lines":{"excluded_lines":[],"executed_branches":[[175,176],[175,186],[180,181],[180,183],[184,175]],"executed_lines":[174,175,176,180,181,182,183,184,186],"missing_branches":[[184,185]],"missing_lines":[185],"start_line":173,"summary":{"covered_branches":5,"covered_lines":9,"excluded_lines":0,"missing_branches":1,"missing_lines":1,"num_branches":6,"num_partial_branches":1,"num_statements":10,"percent_branches_covered":83.33333333333333,"percent_branches_covered_display":"83","percent_covered":87.5,"percent_covered_display":"88","percent_statements_covered":90.0,"percent_statements_covered_display":"90"}},"PythonAdapter._import_lines":{"excluded_lines":[],"executed_branches":[[190,191],[190,196],[192,193],[192,194],[194,190],[194,195]],"executed_lines":[189,190,191,192,193,194,195,196],"missing_branches":[],"missing_lines":[],"start_line":188,"summary":{"covered_branches":6,"covered_lines":8,"excluded_lines":0,"missing_branches":0,"missing_lines":0,"num_branches":6,"num_partial_branches":0,"num_statements":8,"percent_branches_covered":100.0,"percent_branches_covered_display":"100","percent_covered":100.0,"percent_covered_display":"100","percent_statements_covered":100.0,"percent_statements_covered_display":"100"}},"PythonAdapter._line_matches":{"excluded_lines":[],"executed_branches":[[202,203],[202,206],[204,205]],"executed_lines":[201,202,203,204,205,206],"missing_branches":[[204,202]],"missing_lines":[],"start_line":198,"summary":{"covered_branches":3,"covered_lines":6,"excluded_lines":0,"missing_branches":1,"missing_lines":0,"num_branches":4,"num_partial_branches":1,"num_statements":6,"percent_branches_covered":75.0,"percent_branches_covered_display":"75","percent_covered":90.0,"percent_covered_display":"90","percent_statements_covered":100.0,"percent_statements_covered_display":"100"}},"PythonAdapter._lines_for_predicate":{"excluded_lines":[],"executed_branches":[[123,124],[123,126],[126,127],[126,130],[130,131],[130,134],[134,143],[143,144],[143,146],[146,155],[155,164],[164,165],[164,168],[168,169]],"executed_lines":[120,121,123,124,126,127,128,130,131,132,134,143,144,146,155,164,165,166,168,169],"missing_branches":[[134,135],[136,137],[136,138],[146,147],[155,156],[168,171]],"missing_lines":[135,136,137,138,141,147,152,153,156,157,171],"start_line":117,"summary":{"covered_branches":14,"covered_lines":20,"excluded_lines":0,"missing_branches":6,"missing_lines":11,"num_branches":20,"num_partial_branches":4,"num_statements":31,"percent_branches_covered":70.0,"percent_branches_covered_display":"70","percent_covered":66.66666666666667,"percent_covered_display":"67","percent_statements_covered":64.51612903225806,"percent_statements_covered_display":"65"}},"PythonAdapter.eligible":{"excluded_lines":[],"executed_branches":[],"executed_lines":[74],"missing_branches":[],"missing_lines":[],"start_line":73,"summary":{"covered_branches":0,"covered_lines":1,"excluded_lines":0,"missing_branches":0,"missing_lines":0,"num_branches":0,"num_partial_branches":0,"num_statements":1,"percent_branches_covered":100.0,"percent_branches_covered_display":"100","percent_covered":100.0,"percent_covered_display":"100","percent_statements_covered":100.0,"percent_statements_covered_display":"100"}},"PythonAdapter.find_matches":{"excluded_lines":[],"executed_branches":[[83,86],[87,88],[87,90],[91,92],[91,101],[93,94]],"executed_lines":[79,80,83,86,87,88,90,91,92,93,94,101],"missing_branches":[[83,84],[93,91]],"missing_lines":[84],"start_line":76,"summary":{"covered_branches":6,"covered_lines":12,"excluded_lines":0,"missing_branches":2,"missing_lines":1,"num_branches":8,"num_partial_branches":2,"num_statements":13,"percent_branches_covered":75.0,"percent_branches_covered_display":"75","percent_covered":85.71428571428571,"percent_covered_display":"86","percent_statements_covered":92.3076923076923,"percent_statements_covered_display":"92"}},"PythonAdapter.language":{"excluded_lines":[],"executed_branches":[],"executed_lines":[71],"missing_branches":[],"missing_lines":[],"start_line":70,"summary":{"covered_branches":0,"covered_lines":1,"excluded_lines":0,"missing_branches":0,"missing_lines":0,"num_branches":0,"num_partial_branches":0,"num_statements":1,"percent_branches_covered":100.0,"percent_branches_covered_display":"100","percent_covered":100.0,"percent_covered_display":"100","percent_statements_covered":100.0,"percent_statements_covered_display":"100"}},"RustAdapter._definition_lines":{"excluded_lines":[],"executed_branches":[[333,334],[333,338],[334,333],[334,335],[335,334],[335,336]],"executed_lines":[318,319,333,334,335,336,337,338],"missing_branches":[],"missing_lines":[],"start_line":317,"summary":{"covered_branches":6,"covered_lines":8,"excluded_lines":0,"missing_branches":0,"missing_lines":0,"num_branches":6,"num_partial_branches":0,"num_statements":8,"percent_branches_covered":100.0,"percent_branches_covered_display":"100","percent_covered":100.0,"percent_covered_display":"100","percent_statements_covered":100.0,"percent_statements_covered_display":"100"}},"RustAdapter._lines_for_predicate":{"excluded_lines":[],"executed_branches":[[264,265],[264,267],[267,268],[267,271],[271,272],[271,275],[275,284],[284,285],[284,287],[287,288],[287,295],[295,296],[295,304],[304,305],[304,308],[308,309]],"executed_lines":[261,262,264,265,267,268,269,271,272,273,275,284,285,287,288,293,295,296,297,304,305,306,308,309],"missing_branches":[[275,276],[277,278],[277,279],[308,315]],"missing_lines":[276,277,278,279,282,315],"start_line":258,"summary":{"covered_branches":16,"covered_lines":24,"excluded_lines":0,"missing_branches":4,"missing_lines":6,"num_branches":20,"num_partial_branches":2,"num_statements":30,"percent_branches_covered":80.0,"percent_branches_covered_display":"80","percent_covered":80.0,"percent_covered_display":"80","percent_statements_covered":80.0,"percent_statements_covered_display":"80"}},"RustAdapter.eligible":{"excluded_lines":[],"executed_branches":[],"executed_lines":[217],"missing_branches":[],"missing_lines":[],"start_line":216,"summary":{"covered_branches":0,"covered_lines":1,"excluded_lines":0,"missing_branches":0,"missing_lines":0,"num_branches":0,"num_partial_branches":0,"num_statements":1,"percent_branches_covered":100.0,"percent_branches_covered_display":"100","percent_covered":100.0,"percent_covered_display":"100","percent_statements_covered":100.0,"percent_statements_covered_display":"100"}},"RustAdapter.find_matches":{"excluded_lines":[],"executed_branches":[[226,229],[230,231],[230,239],[232,233],[236,230],[236,237],[240,241],[240,256],[246,247]],"executed_lines":[222,223,226,229,230,231,232,233,236,237,239,240,241,246,247,256],"missing_branches":[[226,227],[232,235],[246,240]],"missing_lines":[227,235],"start_line":219,"summary":{"covered_branches":9,"covered_lines":16,"excluded_lines":0,"missing_branches":3,"missing_lines":2,"num_branches":12,"num_partial_branches":3,"num_statements":18,"percent_branches_covered":75.0,"percent_branches_covered_display":"75","percent_covered":83.33333333333333,"percent_covered_display":"83","percent_statements_covered":88.88888888888889,"percent_statements_covered_display":"89"}},"RustAdapter.language":{"excluded_lines":[],"executed_branches":[],"executed_lines":[214],"missing_branches":[],"missing_lines":[],"start_line":213,"summary":{"covered_branches":0,"covered_lines":1,"excluded_lines":0,"missing_branches":0,"missing_lines":0,"num_branches":0,"num_partial_branches":0,"num_statements":1,"percent_branches_covered":100.0,"percent_branches_covered_display":"100","percent_covered":100.0,"percent_covered_display":"100","percent_statements_covered":100.0,"percent_statements_covered_display":"100"}},"SpanMatch.__post_init__":{"excluded_lines":[],"executed_branches":[[26,27],[26,28],[28,29],[28,30],[30,-25],[30,31]],"executed_lines":[26,27,28,29,30,31],"missing_branches":[],"missing_lines":[],"start_line":25,"summary":{"covered_branches":6,"covered_lines":6,"excluded_lines":0,"missing_branches":0,"missing_lines":0,"num_branches":6,"num_partial_branches":0,"num_statements":6,"percent_branches_covered":100.0,"percent_branches_covered_display":"100","percent_covered":100.0,"percent_covered_display":"100","percent_statements_covered":100.0,"percent_statements_covered_display":"100"}}},"missing_branches":[[83,84],[93,91],[109,112],[134,135],[136,137],[136,138],[146,147],[155,156],[168,171],[184,185],[204,202],[226,227],[232,235],[246,240],[275,276],[277,278],[277,279],[308,315],[358,359],[364,367],[378,372],[407,408],[409,410],[409,411],[440,448]],"missing_lines":[84,112,135,136,137,138,141,147,152,153,156,157,171,185,227,235,276,277,278,279,282,315,359,367,408,409,410,411,414,448],"summary":{"covered_branches":107,"covered_lines":215,"excluded_lines":8,"missing_branches":25,"missing_lines":30,"num_branches":132,"num_partial_branches":19,"num_statements":245,"percent_branches_covered":81.06060606060606,"percent_branches_covered_display":"81","percent_covered":85.41114058355437,"percent_covered_display":"85","percent_statements_covered":87.75510204081633,"percent_statements_covered_display":"88"}},"src/leitir/apisurface.py":{"classes":{"":{"excluded_lines":[],"executed_branches":[[80,81],[80,82],[92,93],[92,94],[94,95],[94,96],[104,105],[104,106],[106,107],[106,108],[108,110],[110,111],[110,112],[112,113],[112,114],[154,155],[154,221],[170,154],[170,171],[173,174],[173,187],[187,170],[187,188],[204,170],[204,205],[205,204],[205,206],[240,241],[240,289],[250,240],[250,251],[255,256],[255,258],[258,259],[258,264],[264,265],[264,279],[268,269],[268,272],[272,276],[279,280],[279,284],[281,282],[281,284],[284,250],[284,285],[286,250],[286,287],[320,322],[332,334],[334,335],[334,338],[340,341],[340,344],[342,343],[353,355],[365,366],[365,370],[367,369],[377,378],[377,386],[380,381],[380,382],[384,377],[384,385]],"executed_lines":[9,11,12,13,14,15,16,17,18,20,21,22,25,26,27,28,29,31,39,40,41,42,43,45,52,53,54,55,58,61,64,67,68,74,78,79,80,81,82,85,86,89,90,91,92,93,94,95,96,99,100,101,102,103,104,105,106,107,108,110,111,112,113,114,115,116,119,131,144,145,146,147,148,154,155,156,157,158,159,160,161,162,170,171,172,173,174,187,188,189,190,191,204,205,206,219,220,221,224,225,226,229,230,231,232,233,234,240,241,242,243,246,247,248,249,250,251,252,253,254,255,256,257,258,259,260,261,262,263,264,265,266,267,268,269,270,271,272,276,277,278,279,280,281,282,283,284,285,286,287,288,289,292,293,294,295,296,299,306,307,308,318,320,322,323,324,325,328,330,331,332,334,335,336,338,339,340,341,342,343,344,345,346,347,348,351,352,353,355,358,360,361,363,364,365,366,367,369,370,372,373,374,375,376,377,378,379,380,381,382,383,384,385,386,389],"missing_branches":[[108,109],[272,273],[320,321],[332,333],[342,340],[353,354],[367,368]],"missing_lines":[75,109,152,153,238,239,244,245,273,274,321,333,354,368],"start_line":1,"summary":{"covered_branches":65,"covered_lines":215,"excluded_lines":0,"missing_branches":7,"missing_lines":14,"num_branches":72,"num_partial_branches":7,"num_statements":229,"percent_branches_covered":90.27777777777777,"percent_branches_covered_display":"90","percent_covered":93.02325581395348,"percent_covered_display":"93","percent_statements_covered":93.88646288209607,"percent_statements_covered_display":"94"}},"ApiDiff":{"excluded_lines":[],"executed_branches":[],"executed_lines":[46],"missing_branches":[],"missing_lines":[],"start_line":40,"summary":{"covered_branches":0,"covered_lines":1,"excluded_lines":0,"missing_branches":0,"missing_lines":0,"num_branches":0,"num_partial_branches":0,"num_statements":1,"percent_branches_covered":100.0,"percent_branches_covered_display":"100","percent_covered":100.0,"percent_covered_display":"100","percent_statements_covered":100.0,"percent_statements_covered_display":"100"}},"SignatureChange":{"excluded_lines":[],"executed_branches":[],"executed_lines":[32],"missing_branches":[],"missing_lines":[],"start_line":26,"summary":{"covered_branches":0,"covered_lines":1,"excluded_lines":0,"missing_branches":0,"missing_lines":0,"num_branches":0,"num_partial_branches":0,"num_statements":1,"percent_branches_covered":100.0,"percent_branches_covered_display":"100","percent_covered":100.0,"percent_covered_display":"100","percent_statements_covered":100.0,"percent_statements_covered_display":"100"}}},"excluded_lines":[],"executed_branches":[[80,81],[80,82],[92,93],[92,94],[94,95],[94,96],[104,105],[104,106],[106,107],[106,108],[108,110],[110,111],[110,112],[112,113],[112,114],[154,155],[154,221],[170,154],[170,171],[173,174],[173,187],[187,170],[187,188],[204,170],[204,205],[205,204],[205,206],[240,241],[240,289],[250,240],[250,251],[255,256],[255,258],[258,259],[258,264],[264,265],[264,279],[268,269],[268,272],[272,276],[279,280],[279,284],[281,282],[281,284],[284,250],[284,285],[286,250],[286,287],[320,322],[332,334],[334,335],[334,338],[340,341],[340,344],[342,343],[353,355],[365,366],[365,370],[367,369],[377,378],[377,386],[380,381],[380,382],[384,377],[384,385]],"executed_lines":[9,11,12,13,14,15,16,17,18,20,21,22,25,26,27,28,29,31,32,39,40,41,42,43,45,46,52,53,54,55,58,61,64,67,68,74,78,79,80,81,82,85,86,89,90,91,92,93,94,95,96,99,100,101,102,103,104,105,106,107,108,110,111,112,113,114,115,116,119,131,144,145,146,147,148,154,155,156,157,158,159,160,161,162,170,171,172,173,174,187,188,189,190,191,204,205,206,219,220,221,224,225,226,229,230,231,232,233,234,240,241,242,243,246,247,248,249,250,251,252,253,254,255,256,257,258,259,260,261,262,263,264,265,266,267,268,269,270,271,272,276,277,278,279,280,281,282,283,284,285,286,287,288,289,292,293,294,295,296,299,306,307,308,318,320,322,323,324,325,328,330,331,332,334,335,336,338,339,340,341,342,343,344,345,346,347,348,351,352,353,355,358,360,361,363,364,365,366,367,369,370,372,373,374,375,376,377,378,379,380,381,382,383,384,385,386,389],"functions":{"":{"excluded_lines":[],"executed_branches":[],"executed_lines":[9,11,12,13,14,15,16,17,18,20,21,22,25,26,27,28,29,31,39,40,41,42,43,45,52,53,54,55,58,61,64,67,68,74,78,85,89,99,119,144,224,229,292,299,306,318,328,351,358,389],"missing_branches":[],"missing_lines":[],"start_line":1,"summary":{"covered_branches":0,"covered_lines":50,"excluded_lines":0,"missing_branches":0,"missing_lines":0,"num_branches":0,"num_partial_branches":0,"num_statements":50,"percent_branches_covered":100.0,"percent_branches_covered_display":"100","percent_covered":100.0,"percent_covered_display":"100","percent_statements_covered":100.0,"percent_statements_covered_display":"100"}},"ApiDiff.as_dict":{"excluded_lines":[],"executed_branches":[],"executed_lines":[46],"missing_branches":[],"missing_lines":[],"start_line":45,"summary":{"covered_branches":0,"covered_lines":1,"excluded_lines":0,"missing_branches":0,"missing_lines":0,"num_branches":0,"num_partial_branches":0,"num_statements":1,"percent_branches_covered":100.0,"percent_branches_covered_display":"100","percent_covered":100.0,"percent_covered_display":"100","percent_statements_covered":100.0,"percent_statements_covered_display":"100"}},"SignatureChange.as_dict":{"excluded_lines":[],"executed_branches":[],"executed_lines":[32],"missing_branches":[],"missing_lines":[],"start_line":31,"summary":{"covered_branches":0,"covered_lines":1,"excluded_lines":0,"missing_branches":0,"missing_lines":0,"num_branches":0,"num_partial_branches":0,"num_statements":1,"percent_branches_covered":100.0,"percent_branches_covered_display":"100","percent_covered":100.0,"percent_covered_display":"100","percent_statements_covered":100.0,"percent_statements_covered_display":"100"}},"_argument":{"excluded_lines":[],"executed_branches":[[92,93],[92,94],[94,95],[94,96]],"executed_lines":[90,91,92,93,94,95,96],"missing_branches":[],"missing_lines":[],"start_line":89,"summary":{"covered_branches":4,"covered_lines":7,"excluded_lines":0,"missing_branches":0,"missing_lines":0,"num_branches":4,"num_partial_branches":0,"num_statements":7,"percent_branches_covered":100.0,"percent_branches_covered_display":"100","percent_covered":100.0,"percent_covered_display":"100","percent_statements_covered":100.0,"percent_statements_covered_display":"100"}},"_empty_index":{"excluded_lines":[],"executed_branches":[],"executed_lines":[],"missing_branches":[],"missing_lines":[75],"start_line":74,"summary":{"covered_branches":0,"covered_lines":0,"excluded_lines":0,"missing_branches":0,"missing_lines":1,"num_branches":0,"num_partial_branches":0,"num_statements":1,"percent_branches_covered":100.0,"percent_branches_covered_display":"100","percent_covered":0.0,"percent_covered_display":"0","percent_statements_covered":0.0,"percent_statements_covered_display":"0"}},"_finish":{"excluded_lines":[],"executed_branches":[],"executed_lines":[293,294,295,296],"missing_branches":[],"missing_lines":[],"start_line":292,"summary":{"covered_branches":0,"covered_lines":4,"excluded_lines":0,"missing_branches":0,"missing_lines":0,"num_branches":0,"num_partial_branches":0,"num_statements":4,"percent_branches_covered":100.0,"percent_branches_covered_display":"100","percent_covered":100.0,"percent_covered_display":"100","percent_statements_covered":100.0,"percent_statements_covered_display":"100"}},"_javascript_extractor":{"excluded_lines":[],"executed_branches":[[240,241],[240,289],[250,240],[250,251],[255,256],[255,258],[258,259],[258,264],[264,265],[264,279],[268,269],[268,272],[272,276],[279,280],[279,284],[281,282],[281,284],[284,250],[284,285],[286,250],[286,287]],"executed_lines":[230,231,232,233,234,240,241,242,243,246,247,248,249,250,251,252,253,254,255,256,257,258,259,260,261,262,263,264,265,266,267,268,269,270,271,272,276,277,278,279,280,281,282,283,284,285,286,287,288,289],"missing_branches":[[272,273]],"missing_lines":[238,239,244,245,273,274],"start_line":229,"summary":{"covered_branches":21,"covered_lines":50,"excluded_lines":0,"missing_branches":1,"missing_lines":6,"num_branches":22,"num_partial_branches":1,"num_statements":56,"percent_branches_covered":95.45454545454545,"percent_branches_covered_display":"95","percent_covered":91.02564102564102,"percent_covered_display":"91","percent_statements_covered":89.28571428571429,"percent_statements_covered_display":"89"}},"_javascript_module":{"excluded_lines":[],"executed_branches":[],"executed_lines":[225,226],"missing_branches":[],"missing_lines":[],"start_line":224,"summary":{"covered_branches":0,"covered_lines":2,"excluded_lines":0,"missing_branches":0,"missing_lines":0,"num_branches":0,"num_partial_branches":0,"num_statements":2,"percent_branches_covered":100.0,"percent_branches_covered_display":"100","percent_covered":100.0,"percent_covered_display":"100","percent_statements_covered":100.0,"percent_statements_covered_display":"100"}},"_language":{"excluded_lines":[],"executed_branches":[],"executed_lines":[307,308],"missing_branches":[],"missing_lines":[],"start_line":306,"summary":{"covered_branches":0,"covered_lines":2,"excluded_lines":0,"missing_branches":0,"missing_lines":0,"num_branches":0,"num_partial_branches":0,"num_statements":2,"percent_branches_covered":100.0,"percent_branches_covered_display":"100","percent_covered":100.0,"percent_covered_display":"100","percent_statements_covered":100.0,"percent_statements_covered_display":"100"}},"_module_name":{"excluded_lines":[],"executed_branches":[[80,81],[80,82]],"executed_lines":[79,80,81,82],"missing_branches":[],"missing_lines":[],"start_line":78,"summary":{"covered_branches":2,"covered_lines":4,"excluded_lines":0,"missing_branches":0,"missing_lines":0,"num_branches":2,"num_partial_branches":0,"num_statements":4,"percent_branches_covered":100.0,"percent_branches_covered_display":"100","percent_covered":100.0,"percent_covered_display":"100","percent_statements_covered":100.0,"percent_statements_covered_display":"100"}},"_python_extractor":{"excluded_lines":[],"executed_branches":[[154,155],[154,221],[170,154],[170,171],[173,174],[173,187],[187,170],[187,188],[204,170],[204,205],[205,204],[205,206]],"executed_lines":[145,146,147,148,154,155,156,157,158,159,160,161,162,170,171,172,173,174,187,188,189,190,191,204,205,206,219,220,221],"missing_branches":[],"missing_lines":[152,153],"start_line":144,"summary":{"covered_branches":12,"covered_lines":29,"excluded_lines":0,"missing_branches":0,"missing_lines":2,"num_branches":12,"num_partial_branches":0,"num_statements":31,"percent_branches_covered":100.0,"percent_branches_covered_display":"100","percent_covered":95.34883720930233,"percent_covered_display":"95","percent_statements_covered":93.54838709677419,"percent_statements_covered_display":"94"}},"_python_signature":{"excluded_lines":[],"executed_branches":[[104,105],[104,106],[106,107],[106,108],[108,110],[110,111],[110,112],[112,113],[112,114]],"executed_lines":[100,101,102,103,104,105,106,107,108,110,111,112,113,114,115,116],"missing_branches":[[108,109]],"missing_lines":[109],"start_line":99,"summary":{"covered_branches":9,"covered_lines":16,"excluded_lines":0,"missing_branches":1,"missing_lines":1,"num_branches":10,"num_partial_branches":1,"num_statements":17,"percent_branches_covered":90.0,"percent_branches_covered_display":"90","percent_covered":92.5925925925926,"percent_covered_display":"93","percent_statements_covered":94.11764705882354,"percent_statements_covered_display":"94"}},"_records":{"excluded_lines":[],"executed_branches":[[353,355]],"executed_lines":[352,353,355],"missing_branches":[[353,354]],"missing_lines":[354],"start_line":351,"summary":{"covered_branches":1,"covered_lines":3,"excluded_lines":0,"missing_branches":1,"missing_lines":1,"num_branches":2,"num_partial_branches":1,"num_statements":4,"percent_branches_covered":50.0,"percent_branches_covered_display":"50","percent_covered":66.66666666666667,"percent_covered_display":"67","percent_statements_covered":75.0,"percent_statements_covered_display":"75"}},"_symbol":{"excluded_lines":[],"executed_branches":[],"executed_lines":[131],"missing_branches":[],"missing_lines":[],"start_line":119,"summary":{"covered_branches":0,"covered_lines":1,"excluded_lines":0,"missing_branches":0,"missing_lines":0,"num_branches":0,"num_partial_branches":0,"num_statements":1,"percent_branches_covered":100.0,"percent_branches_covered_display":"100","percent_covered":100.0,"percent_covered_display":"100","percent_statements_covered":100.0,"percent_statements_covered_display":"100"}},"_unparse":{"excluded_lines":[],"executed_branches":[],"executed_lines":[86],"missing_branches":[],"missing_lines":[],"start_line":85,"summary":{"covered_branches":0,"covered_lines":1,"excluded_lines":0,"missing_branches":0,"missing_lines":0,"num_branches":0,"num_partial_branches":0,"num_statements":1,"percent_branches_covered":100.0,"percent_branches_covered_display":"100","percent_covered":100.0,"percent_covered_display":"100","percent_statements_covered":100.0,"percent_statements_covered_display":"100"}},"diff_api_indexes":{"excluded_lines":[],"executed_branches":[[377,378],[377,386],[380,381],[380,382],[384,377],[384,385]],"executed_lines":[360,361,363,372,373,374,375,376,377,378,379,380,381,382,383,384,385,386],"missing_branches":[],"missing_lines":[],"start_line":358,"summary":{"covered_branches":6,"covered_lines":18,"excluded_lines":0,"missing_branches":0,"missing_lines":0,"num_branches":6,"num_partial_branches":0,"num_statements":18,"percent_branches_covered":100.0,"percent_branches_covered_display":"100","percent_covered":100.0,"percent_covered_display":"100","percent_statements_covered":100.0,"percent_statements_covered_display":"100"}},"diff_api_indexes.grouped":{"excluded_lines":[],"executed_branches":[[365,366],[365,370],[367,369]],"executed_lines":[364,365,366,367,369,370],"missing_branches":[[367,368]],"missing_lines":[368],"start_line":363,"summary":{"covered_branches":3,"covered_lines":6,"excluded_lines":0,"missing_branches":1,"missing_lines":1,"num_branches":4,"num_partial_branches":1,"num_statements":7,"percent_branches_covered":75.0,"percent_branches_covered_display":"75","percent_covered":81.81818181818181,"percent_covered_display":"82","percent_statements_covered":85.71428571428571,"percent_statements_covered_display":"86"}},"extract_api_surface":{"excluded_lines":[],"executed_branches":[[332,334],[334,335],[334,338],[340,341],[340,344],[342,343]],"executed_lines":[330,331,332,334,335,336,338,339,340,341,342,343,344,345,346,347,348],"missing_branches":[[332,333],[342,340]],"missing_lines":[333],"start_line":328,"summary":{"covered_branches":6,"covered_lines":17,"excluded_lines":0,"missing_branches":2,"missing_lines":1,"num_branches":8,"num_partial_branches":2,"num_statements":18,"percent_branches_covered":75.0,"percent_branches_covered_display":"75","percent_covered":88.46153846153847,"percent_covered_display":"88","percent_statements_covered":94.44444444444444,"percent_statements_covered_display":"94"}},"register_extractor":{"excluded_lines":[],"executed_branches":[[320,322]],"executed_lines":[320,322,323,324,325],"missing_branches":[[320,321]],"missing_lines":[321],"start_line":318,"summary":{"covered_branches":1,"covered_lines":5,"excluded_lines":0,"missing_branches":1,"missing_lines":1,"num_branches":2,"num_partial_branches":1,"num_statements":6,"percent_branches_covered":50.0,"percent_branches_covered_display":"50","percent_covered":75.0,"percent_covered_display":"75","percent_statements_covered":83.33333333333333,"percent_statements_covered_display":"83"}}},"missing_branches":[[108,109],[272,273],[320,321],[332,333],[342,340],[353,354],[367,368]],"missing_lines":[75,109,152,153,238,239,244,245,273,274,321,333,354,368],"summary":{"covered_branches":65,"covered_lines":217,"excluded_lines":0,"missing_branches":7,"missing_lines":14,"num_branches":72,"num_partial_branches":7,"num_statements":231,"percent_branches_covered":90.27777777777777,"percent_branches_covered_display":"90","percent_covered":93.06930693069307,"percent_covered_display":"93","percent_statements_covered":93.93939393939394,"percent_statements_covered_display":"94"}},"src/leitir/bench.py":{"classes":{"":{"excluded_lines":[],"executed_branches":[[278,279],[278,280],[290,291],[290,292],[314,315],[314,316],[320,321],[320,322],[323,324],[323,325],[361,362],[361,363],[365,366],[365,367],[378,379],[378,386],[386,388],[389,390],[389,397],[399,400],[399,403]],"executed_lines":[3,5,6,7,8,9,11,12,24,25,26,27,28,31,32,40,41,44,45,46,47,48,50,81,102,103,106,107,108,110,137,146,149,153,154,157,158,159,160,161,163,187,197,198,201,202,203,204,206,225,235,238,242,245,250,277,278,279,280,281,282,283,284,285,286,289,290,291,292,300,301,302,303,304,307,314,315,316,319,320,321,322,323,324,325,326,330,331,334,338,342,355,356,359,361,362,363,364,365,366,367,372,373,376,378,379,381,384,386,388,389,390,392,395,397,398,399,400,402,403,406],"missing_branches":[[386,387]],"missing_lines":[387],"start_line":1,"summary":{"covered_branches":21,"covered_lines":121,"excluded_lines":0,"missing_branches":1,"missing_lines":1,"num_branches":22,"num_partial_branches":1,"num_statements":122,"percent_branches_covered":95.45454545454545,"percent_branches_covered_display":"95","percent_covered":98.61111111111111,"percent_covered_display":"99","percent_statements_covered":99.18032786885246,"percent_statements_covered_display":"99"}},"BenchmarkManifest":{"excluded_lines":[],"executed_branches":[[111,112],[111,113],[113,116],[113,117],[117,118],[117,119],[119,120],[119,121],[122,123],[122,124],[131,-110],[131,132]],"executed_lines":[111,112,113,116,117,118,119,120,121,122,123,124,128,131,132,138,147,150],"missing_branches":[],"missing_lines":[],"start_line":103,"summary":{"covered_branches":12,"covered_lines":18,"excluded_lines":0,"missing_branches":0,"missing_lines":0,"num_branches":12,"num_partial_branches":0,"num_statements":18,"percent_branches_covered":100.0,"percent_branches_covered_display":"100","percent_covered":100.0,"percent_covered_display":"100","percent_statements_covered":100.0,"percent_statements_covered_display":"100"}},"BenchmarkRun":{"excluded_lines":[],"executed_branches":[[207,208],[207,209],[209,212],[209,213],[213,216],[213,217],[217,218],[217,219],[219,220],[219,221],[222,-206],[222,223]],"executed_lines":[207,208,209,212,213,216,217,218,219,220,221,222,223,226,236,239],"missing_branches":[],"missing_lines":[],"start_line":198,"summary":{"covered_branches":12,"covered_lines":16,"excluded_lines":0,"missing_branches":0,"missing_lines":0,"num_branches":12,"num_partial_branches":0,"num_statements":16,"percent_branches_covered":100.0,"percent_branches_covered_display":"100","percent_covered":100.0,"percent_covered_display":"100","percent_statements_covered":100.0,"percent_statements_covered_display":"100"}},"BenchmarkRunner":{"excluded_lines":[],"executed_branches":[[246,247],[246,248],[251,252],[251,253],[254,255],[254,269],[256,257],[256,258],[258,259],[258,260]],"executed_lines":[246,247,248,251,252,253,254,255,256,257,258,259,260,269],"missing_branches":[],"missing_lines":[],"start_line":242,"summary":{"covered_branches":10,"covered_lines":14,"excluded_lines":0,"missing_branches":0,"missing_lines":0,"num_branches":10,"num_partial_branches":0,"num_statements":14,"percent_branches_covered":100.0,"percent_branches_covered_display":"100","percent_covered":100.0,"percent_covered_display":"100","percent_statements_covered":100.0,"percent_statements_covered_display":"100"}},"BenchmarkTask":{"excluded_lines":[],"executed_branches":[[51,52],[51,53],[53,54],[53,55],[55,56],[55,57],[57,58],[57,59],[59,60],[59,61],[61,64],[61,65],[65,66],[65,67],[67,68],[67,69],[70,71],[70,72],[73,77],[73,78],[78,-50],[78,79]],"executed_lines":[51,52,53,54,55,56,57,58,59,60,61,64,65,66,67,68,69,70,71,72,73,77,78,79,82],"missing_branches":[],"missing_lines":[],"start_line":41,"summary":{"covered_branches":22,"covered_lines":25,"excluded_lines":0,"missing_branches":0,"missing_lines":0,"num_branches":22,"num_partial_branches":0,"num_statements":25,"percent_branches_covered":100.0,"percent_branches_covered_display":"100","percent_covered":100.0,"percent_covered_display":"100","percent_statements_covered":100.0,"percent_statements_covered_display":"100"}},"BenchmarkTaskRun":{"excluded_lines":[],"executed_branches":[[164,165],[164,166],[166,167],[166,168],[168,171],[168,172],[172,173],[172,174],[174,177],[174,178],[178,179],[178,180],[181,182],[181,183],[184,-163],[184,185]],"executed_lines":[164,165,166,167,168,171,172,173,174,177,178,179,180,181,182,183,184,185,188],"missing_branches":[],"missing_lines":[],"start_line":154,"summary":{"covered_branches":16,"covered_lines":19,"excluded_lines":0,"missing_branches":0,"missing_lines":0,"num_branches":16,"num_partial_branches":0,"num_statements":19,"percent_branches_covered":100.0,"percent_branches_covered_display":"100","percent_covered":100.0,"percent_covered_display":"100","percent_statements_covered":100.0,"percent_statements_covered_display":"100"}}},"excluded_lines":[],"executed_branches":[[51,52],[51,53],[53,54],[53,55],[55,56],[55,57],[57,58],[57,59],[59,60],[59,61],[61,64],[61,65],[65,66],[65,67],[67,68],[67,69],[70,71],[70,72],[73,77],[73,78],[78,-50],[78,79],[111,112],[111,113],[113,116],[113,117],[117,118],[117,119],[119,120],[119,121],[122,123],[122,124],[131,-110],[131,132],[164,165],[164,166],[166,167],[166,168],[168,171],[168,172],[172,173],[172,174],[174,177],[174,178],[178,179],[178,180],[181,182],[181,183],[184,-163],[184,185],[207,208],[207,209],[209,212],[209,213],[213,216],[213,217],[217,218],[217,219],[219,220],[219,221],[222,-206],[222,223],[246,247],[246,248],[251,252],[251,253],[254,255],[254,269],[256,257],[256,258],[258,259],[258,260],[278,279],[278,280],[290,291],[290,292],[314,315],[314,316],[320,321],[320,322],[323,324],[323,325],[361,362],[361,363],[365,366],[365,367],[378,379],[378,386],[386,388],[389,390],[389,397],[399,400],[399,403]],"executed_lines":[3,5,6,7,8,9,11,12,24,25,26,27,28,31,32,40,41,44,45,46,47,48,50,51,52,53,54,55,56,57,58,59,60,61,64,65,66,67,68,69,70,71,72,73,77,78,79,81,82,102,103,106,107,108,110,111,112,113,116,117,118,119,120,121,122,123,124,128,131,132,137,138,146,147,149,150,153,154,157,158,159,160,161,163,164,165,166,167,168,171,172,173,174,177,178,179,180,181,182,183,184,185,187,188,197,198,201,202,203,204,206,207,208,209,212,213,216,217,218,219,220,221,222,223,225,226,235,236,238,239,242,245,246,247,248,250,251,252,253,254,255,256,257,258,259,260,269,277,278,279,280,281,282,283,284,285,286,289,290,291,292,300,301,302,303,304,307,314,315,316,319,320,321,322,323,324,325,326,330,331,334,338,342,355,356,359,361,362,363,364,365,366,367,372,373,376,378,379,381,384,386,388,389,390,392,395,397,398,399,400,402,403,406],"functions":{"":{"excluded_lines":[],"executed_branches":[],"executed_lines":[3,5,6,7,8,9,11,12,24,25,26,27,28,31,40,41,44,45,46,47,48,50,81,102,103,106,107,108,110,137,146,149,153,154,157,158,159,160,161,163,187,197,198,201,202,203,204,206,225,235,238,242,245,250,277,289,307,319,359,376,406],"missing_branches":[],"missing_lines":[],"start_line":1,"summary":{"covered_branches":0,"covered_lines":61,"excluded_lines":0,"missing_branches":0,"missing_lines":0,"num_branches":0,"num_partial_branches":0,"num_statements":61,"percent_branches_covered":100.0,"percent_branches_covered_display":"100","percent_covered":100.0,"percent_covered_display":"100","percent_statements_covered":100.0,"percent_statements_covered_display":"100"}},"BenchmarkManifest.__post_init__":{"excluded_lines":[],"executed_branches":[[111,112],[111,113],[113,116],[113,117],[117,118],[117,119],[119,120],[119,121],[122,123],[122,124],[131,-110],[131,132]],"executed_lines":[111,112,113,116,117,118,119,120,121,122,123,124,128,131,132],"missing_branches":[],"missing_lines":[],"start_line":110,"summary":{"covered_branches":12,"covered_lines":15,"excluded_lines":0,"missing_branches":0,"missing_lines":0,"num_branches":12,"num_partial_branches":0,"num_statements":15,"percent_branches_covered":100.0,"percent_branches_covered_display":"100","percent_covered":100.0,"percent_covered_display":"100","percent_statements_covered":100.0,"percent_statements_covered_display":"100"}},"BenchmarkManifest.digest":{"excluded_lines":[],"executed_branches":[],"executed_lines":[150],"missing_branches":[],"missing_lines":[],"start_line":149,"summary":{"covered_branches":0,"covered_lines":1,"excluded_lines":0,"missing_branches":0,"missing_lines":0,"num_branches":0,"num_partial_branches":0,"num_statements":1,"percent_branches_covered":100.0,"percent_branches_covered_display":"100","percent_covered":100.0,"percent_covered_display":"100","percent_statements_covered":100.0,"percent_statements_covered_display":"100"}},"BenchmarkManifest.to_dict":{"excluded_lines":[],"executed_branches":[],"executed_lines":[138],"missing_branches":[],"missing_lines":[],"start_line":137,"summary":{"covered_branches":0,"covered_lines":1,"excluded_lines":0,"missing_branches":0,"missing_lines":0,"num_branches":0,"num_partial_branches":0,"num_statements":1,"percent_branches_covered":100.0,"percent_branches_covered_display":"100","percent_covered":100.0,"percent_covered_display":"100","percent_statements_covered":100.0,"percent_statements_covered_display":"100"}},"BenchmarkManifest.to_json":{"excluded_lines":[],"executed_branches":[],"executed_lines":[147],"missing_branches":[],"missing_lines":[],"start_line":146,"summary":{"covered_branches":0,"covered_lines":1,"excluded_lines":0,"missing_branches":0,"missing_lines":0,"num_branches":0,"num_partial_branches":0,"num_statements":1,"percent_branches_covered":100.0,"percent_branches_covered_display":"100","percent_covered":100.0,"percent_covered_display":"100","percent_statements_covered":100.0,"percent_statements_covered_display":"100"}},"BenchmarkRun.__post_init__":{"excluded_lines":[],"executed_branches":[[207,208],[207,209],[209,212],[209,213],[213,216],[213,217],[217,218],[217,219],[219,220],[219,221],[222,-206],[222,223]],"executed_lines":[207,208,209,212,213,216,217,218,219,220,221,222,223],"missing_branches":[],"missing_lines":[],"start_line":206,"summary":{"covered_branches":12,"covered_lines":13,"excluded_lines":0,"missing_branches":0,"missing_lines":0,"num_branches":12,"num_partial_branches":0,"num_statements":13,"percent_branches_covered":100.0,"percent_branches_covered_display":"100","percent_covered":100.0,"percent_covered_display":"100","percent_statements_covered":100.0,"percent_statements_covered_display":"100"}},"BenchmarkRun.digest":{"excluded_lines":[],"executed_branches":[],"executed_lines":[239],"missing_branches":[],"missing_lines":[],"start_line":238,"summary":{"covered_branches":0,"covered_lines":1,"excluded_lines":0,"missing_branches":0,"missing_lines":0,"num_branches":0,"num_partial_branches":0,"num_statements":1,"percent_branches_covered":100.0,"percent_branches_covered_display":"100","percent_covered":100.0,"percent_covered_display":"100","percent_statements_covered":100.0,"percent_statements_covered_display":"100"}},"BenchmarkRun.to_dict":{"excluded_lines":[],"executed_branches":[],"executed_lines":[226],"missing_branches":[],"missing_lines":[],"start_line":225,"summary":{"covered_branches":0,"covered_lines":1,"excluded_lines":0,"missing_branches":0,"missing_lines":0,"num_branches":0,
[...]
nes":0,"excluded_lines":0,"missing_branches":0,"missing_lines":0,"num_branches":0,"num_partial_branches":0,"num_statements":0,"percent_branches_covered":100.0,"percent_branches_covered_display":"100","percent_covered":100.0,"percent_covered_display":"100","percent_statements_covered":100.0,"percent_statements_covered_display":"100"}},"TreeHashStructureError":{"excluded_lines":[],"executed_branches":[],"executed_lines":[],"missing_branches":[],"missing_lines":[],"start_line":119,"summary":{"covered_branches":0,"covered_lines":0,"excluded_lines":0,"missing_branches":0,"missing_lines":0,"num_branches":0,"num_partial_branches":0,"num_statements":0,"percent_branches_covered":100.0,"percent_branches_covered_display":"100","percent_covered":100.0,"percent_covered_display":"100","percent_statements_covered":100.0,"percent_statements_covered_display":"100"}}},"excluded_lines":[440,441,443,444,445],"executed_branches":[[140,141],[140,142],[144,145],[144,199],[148,149],[148,182],[158,165],[175,176],[175,179],[187,188],[187,189],[207,208],[207,225],[216,217],[216,222],[217,218],[217,219],[219,216],[219,220],[222,225],[226,229],[226,236],[230,231],[230,233],[267,268],[267,271],[271,275],[275,276],[275,279],[288,293],[294,298],[294,311],[298,299],[299,300],[299,303],[311,-248],[311,312],[320,322],[336,342],[346,348],[366,370],[366,414],[374,375],[374,388],[376,374],[376,377],[388,366],[388,389],[393,394],[393,396],[405,406],[405,407],[407,408],[407,412],[434,-432],[434,435]],"executed_lines":[80,82,83,84,85,86,87,88,92,96,98,99,100,101,104,107,111,115,119,123,138,139,140,141,142,143,144,145,146,147,148,149,152,153,158,165,166,167,175,176,179,180,182,183,184,185,186,187,188,189,190,191,192,195,196,197,199,205,206,207,208,214,215,216,217,218,219,220,221,222,225,226,229,230,231,232,233,234,235,236,239,240,241,248,267,268,271,275,276,279,280,283,284,285,288,293,294,298,299,300,303,311,312,318,320,322,329,331,332,333,334,335,336,342,343,344,345,346,348,351,359,361,366,370,371,374,375,376,377,378,379,380,385,386,388,389,390,393,394,396,398,399,405,406,407,408,412,414,415,418,419,420,423,424,425,426,427,432,433,434,435],"functions":{"":{"excluded_lines":[440,441,443,444,445],"executed_branches":[],"executed_lines":[80,82,83,84,85,86,87,88,92,96,98,99,100,101,104,107,111,115,119,123,248,318,329,351,418,423,432],"missing_branches":[],"missing_lines":[],"start_line":1,"summary":{"covered_branches":0,"covered_lines":27,"excluded_lines":5,"missing_branches":0,"missing_lines":0,"num_branches":0,"num_partial_branches":0,"num_statements":27,"percent_branches_covered":100.0,"percent_branches_covered_display":"100","percent_covered":100.0,"percent_covered_display":"100","percent_statements_covered":100.0,"percent_statements_covered_display":"100"}},"_open_checked_regular_file":{"excluded_lines":[],"executed_branches":[[336,342],[346,348]],"executed_lines":[331,332,333,334,335,336,342,343,344,345,346,348],"missing_branches":[[336,341],[346,347]],"missing_lines":[341,347],"start_line":329,"summary":{"covered_branches":2,"covered_lines":12,"excluded_lines":0,"missing_branches":2,"missing_lines":2,"num_branches":4,"num_partial_branches":2,"num_statements":14,"percent_branches_covered":50.0,"percent_branches_covered_display":"50","percent_covered":77.77777777777777,"percent_covered_display":"78","percent_statements_covered":85.71428571428571,"percent_statements_covered_display":"86"}},"_posix_relative":{"excluded_lines":[],"executed_branches":[],"executed_lines":[419,420],"missing_branches":[],"missing_lines":[],"start_line":418,"summary":{"covered_branches":0,"covered_lines":2,"excluded_lines":0,"missing_branches":0,"missing_lines":0,"num_branches":0,"num_partial_branches":0,"num_statements":2,"percent_branches_covered":100.0,"percent_branches_covered_display":"100","percent_covered":100.0,"percent_covered_display":"100","percent_statements_covered":100.0,"percent_statements_covered_display":"100"}},"_sorted_regular_files":{"excluded_lines":[],"executed_branches":[[366,370],[366,414],[374,375],[374,388],[376,374],[376,377],[388,366],[388,389],[393,394],[393,396],[405,406],[405,407],[407,408],[407,412]],"executed_lines":[359,361,366,370,371,374,375,376,377,378,379,380,385,386,388,389,390,393,394,396,398,399,405,406,407,408,412,414,415],"missing_branches":[],"missing_lines":[381,382,400,401],"start_line":351,"summary":{"covered_branches":14,"covered_lines":29,"excluded_lines":0,"missing_branches":0,"missing_lines":4,"num_branches":14,"num_partial_branches":0,"num_statements":33,"percent_branches_covered":100.0,"percent_branches_covered_display":"100","percent_covered":91.48936170212765,"percent_covered_display":"91","percent_statements_covered":87.87878787878788,"percent_statements_covered_display":"88"}},"_sorted_regular_files.walk_error":{"excluded_lines":[],"executed_branches":[],"executed_lines":[],"missing_branches":[],"missing_lines":[362],"start_line":361,"summary":{"covered_branches":0,"covered_lines":0,"excluded_lines":0,"missing_branches":0,"missing_lines":1,"num_branches":0,"num_partial_branches":0,"num_statements":1,"percent_branches_covered":100.0,"percent_branches_covered_display":"100","percent_covered":0.0,"percent_covered_display":"0","percent_statements_covered":0.0,"percent_statements_covered_display":"0"}},"_strict_utf8":{"excluded_lines":[],"executed_branches":[],"executed_lines":[424,425,426,427],"missing_branches":[],"missing_lines":[],"start_line":423,"summary":{"covered_branches":0,"covered_lines":4,"excluded_lines":0,"missing_branches":0,"missing_lines":0,"num_branches":0,"num_partial_branches":0,"num_statements":4,"percent_branches_covered":100.0,"percent_branches_covered_display":"100","percent_covered":100.0,"percent_covered_display":"100","percent_statements_covered":100.0,"percent_statements_covered_display":"100"}},"_validate_relative":{"excluded_lines":[],"executed_branches":[[434,-432],[434,435]],"executed_lines":[433,434,435],"missing_branches":[],"missing_lines":[],"start_line":432,"summary":{"covered_branches":2,"covered_lines":3,"excluded_lines":0,"missing_branches":0,"missing_lines":0,"num_branches":2,"num_partial_branches":0,"num_statements":3,"percent_branches_covered":100.0,"percent_branches_covered_display":"100","percent_covered":100.0,"percent_covered_display":"100","percent_statements_covered":100.0,"percent_statements_covered_display":"100"}},"compute_materialized_tree_hash":{"excluded_lines":[],"executed_branches":[[140,141],[140,142],[144,145],[144,199],[148,149],[148,182],[158,165],[175,176],[175,179],[187,188],[187,189],[207,208],[207,225],[216,217],[216,222],[217,218],[217,219],[219,216],[219,220],[222,225],[226,229],[226,236],[230,231],[230,233]],"executed_lines":[138,139,140,141,142,143,144,145,146,147,148,149,152,153,158,165,166,167,175,176,179,180,182,183,184,185,186,187,188,189,190,191,192,195,196,197,199,205,206,207,208,214,215,216,217,218,219,220,221,222,225,226,229,230,231,232,233,234,235,236,239,240,241],"missing_branches":[[158,161],[161,162],[161,163],[163,164],[163,165],[222,223]],"missing_lines":[161,162,163,164,171,172,223,242,243],"start_line":123,"summary":{"covered_branches":24,"covered_lines":63,"excluded_lines":0,"missing_branches":6,"missing_lines":9,"num_branches":30,"num_partial_branches":2,"num_statements":72,"percent_branches_covered":80.0,"percent_branches_covered_display":"80","percent_covered":85.29411764705883,"percent_covered_display":"85","percent_statements_covered":87.5,"percent_statements_covered_display":"88"}},"manifest_digest_fields":{"excluded_lines":[],"executed_branches":[[320,322]],"executed_lines":[320,322],"missing_branches":[[320,321]],"missing_lines":[321],"start_line":318,"summary":{"covered_branches":1,"covered_lines":2,"excluded_lines":0,"missing_branches":1,"missing_lines":1,"num_branches":2,"num_partial_branches":1,"num_statements":3,"percent_branches_covered":50.0,"percent_branches_covered_display":"50","percent_covered":60.0,"percent_covered_display":"60","percent_statements_covered":66.66666666666667,"percent_statements_covered_display":"67"}},"verify_materialized_tree_hash":{"excluded_lines":[],"executed_branches":[[267,268],[267,271],[271,275],[275,276],[275,279],[288,293],[294,298],[294,311],[298,299],[299,300],[299,303],[311,-248],[311,312]],"executed_lines":[267,268,271,275,276,279,280,283,284,285,288,293,294,298,299,300,303,311,312],"missing_branches":[[271,272],[288,289],[298,307]],"missing_lines":[272,289,307],"start_line":248,"summary":{"covered_branches":13,"covered_lines":19,"excluded_lines":0,"missing_branches":3,"missing_lines":3,"num_branches":16,"num_partial_branches":3,"num_statements":22,"percent_branches_covered":81.25,"percent_branches_covered_display":"81","percent_covered":84.21052631578948,"percent_covered_display":"84","percent_statements_covered":86.36363636363636,"percent_statements_covered_display":"86"}}},"missing_branches":[[158,161],[161,162],[161,163],[163,164],[163,165],[222,223],[271,272],[288,289],[298,307],[320,321],[336,341],[346,347]],"missing_lines":[161,162,163,164,171,172,223,242,243,272,289,307,321,341,347,362,381,382,400,401],"summary":{"covered_branches":56,"covered_lines":161,"excluded_lines":5,"missing_branches":12,"missing_lines":20,"num_branches":68,"num_partial_branches":8,"num_statements":181,"percent_branches_covered":82.3529411764706,"percent_branches_covered_display":"82","percent_covered":87.14859437751004,"percent_covered_display":"87","percent_statements_covered":88.95027624309392,"percent_statements_covered_display":"89"}},"src/leitir/trust.py":{"classes":{"":{"excluded_lines":[],"executed_branches":[[43,44],[43,45],[54,55],[54,56],[57,58],[57,59],[59,61],[61,63],[63,64],[73,75],[82,83],[82,94],[88,89],[88,94],[95,97],[106,107],[106,108],[124,125],[124,130],[140,141],[140,142],[142,143],[142,148],[148,149],[148,154],[158,159],[158,160],[164,166],[173,174],[173,175]],"executed_lines":[3,5,6,7,8,9,12,21,22,25,26,29,30,32,36,43,44,45,53,54,55,56,57,58,59,61,63,64,67,70,71,72,73,75,76,79,80,81,82,83,85,86,87,88,89,94,95,97,104,105,106,107,108,109,110,111,112,113,114,121,122,123,124,125,130,137,138,139,140,141,142,143,148,149,154,157,158,159,160,161,164,166,169,170,171,172,173,174,175,176,177,180,187,188,197,198,199,200,201,204],"missing_branches":[[59,60],[61,62],[63,66],[73,74],[95,96],[164,165]],"missing_lines":[60,62,66,74,96,162,163,165],"start_line":1,"summary":{"covered_branches":30,"covered_lines":100,"excluded_lines":0,"missing_branches":6,"missing_lines":8,"num_branches":36,"num_partial_branches":6,"num_statements":108,"percent_branches_covered":83.33333333333333,"percent_branches_covered_display":"83","percent_covered":90.27777777777777,"percent_covered_display":"90","percent_statements_covered":92.5925925925926,"percent_statements_covered_display":"93"}},"TrustScore":{"excluded_lines":[],"executed_branches":[],"executed_lines":[33],"missing_branches":[],"missing_lines":[],"start_line":26,"summary":{"covered_branches":0,"covered_lines":1,"excluded_lines":0,"missing_branches":0,"missing_lines":0,"num_branches":0,"num_partial_branches":0,"num_statements":1,"percent_branches_covered":100.0,"percent_branches_covered_display":"100","percent_covered":100.0,"percent_covered_display":"100","percent_statements_covered":100.0,"percent_statements_covered_display":"100"}}},"excluded_lines":[],"executed_branches":[[43,44],[43,45],[54,55],[54,56],[57,58],[57,59],[59,61],[61,63],[63,64],[73,75],[82,83],[82,94],[88,89],[88,94],[95,97],[106,107],[106,108],[124,125],[124,130],[140,141],[140,142],[142,143],[142,148],[148,149],[148,154],[158,159],[158,160],[164,166],[173,174],[173,175]],"executed_lines":[3,5,6,7,8,9,12,21,22,25,26,29,30,32,33,36,43,44,45,53,54,55,56,57,58,59,61,63,64,67,70,71,72,73,75,76,79,80,81,82,83,85,86,87,88,89,94,95,97,104,105,106,107,108,109,110,111,112,113,114,121,122,123,124,125,130,137,138,139,140,141,142,143,148,149,154,157,158,159,160,161,164,166,169,170,171,172,173,174,175,176,177,180,187,188,197,198,199,200,201,204],"functions":{"":{"excluded_lines":[],"executed_branches":[],"executed_lines":[3,5,6,7,8,9,12,21,22,25,26,29,30,32,36,53,70,79,104,121,137,157,169,180,204],"missing_branches":[],"missing_lines":[],"start_line":1,"summary":{"covered_branches":0,"covered_lines":25,"excluded_lines":0,"missing_branches":0,"missing_lines":0,"num_branches":0,"num_partial_branches":0,"num_statements":25,"percent_branches_covered":100.0,"percent_branches_covered_display":"100","percent_covered":100.0,"percent_covered_display":"100","percent_statements_covered":100.0,"percent_statements_covered_display":"100"}},"TrustScore.as_dict":{"excluded_lines":[],"executed_branches":[],"executed_lines":[33],"missing_branches":[],"missing_lines":[],"start_line":32,"summary":{"covered_branches":0,"covered_lines":1,"excluded_lines":0,"missing_branches":0,"missing_lines":0,"num_branches":0,"num_partial_branches":0,"num_statements":1,"percent_branches_covered":100.0,"percent_branches_covered_display":"100","percent_covered":100.0,"percent_covered_display":"100","percent_statements_covered":100.0,"percent_statements_covered_display":"100"}},"_age":{"excluded_lines":[],"executed_branches":[[173,174],[173,175]],"executed_lines":[170,171,172,173,174,175,176,177],"missing_branches":[],"missing_lines":[],"start_line":169,"summary":{"covered_branches":2,"covered_lines":8,"excluded_lines":0,"missing_branches":0,"missing_lines":0,"num_branches":2,"num_partial_branches":0,"num_statements":8,"percent_branches_covered":100.0,"percent_branches_covered_display":"100","percent_covered":100.0,"percent_covered_display":"100","percent_statements_covered":100.0,"percent_statements_covered_display":"100"}},"_checksum":{"excluded_lines":[],"executed_branches":[[140,141],[140,142],[142,143],[142,148],[148,149],[148,154]],"executed_lines":[138,139,140,141,142,143,148,149,154],"missing_branches":[],"missing_lines":[],"start_line":137,"summary":{"covered_branches":6,"covered_lines":9,"excluded_lines":0,"missing_branches":0,"missing_lines":0,"num_branches":6,"num_partial_branches":0,"num_statements":9,"percent_branches_covered":100.0,"percent_branches_covered_display":"100","percent_covered":100.0,"percent_covered_display":"100","percent_statements_covered":100.0,"percent_statements_covered_display":"100"}},"_documentation":{"excluded_lines":[],"executed_branches":[[106,107],[106,108]],"executed_lines":[105,106,107,108,109,110,111,112,113,114],"missing_branches":[],"missing_lines":[],"start_line":104,"summary":{"covered_branches":2,"covered_lines":10,"excluded_lines":0,"missing_branches":0,"missing_lines":0,"num_branches":2,"num_partial_branches":0,"num_statements":10,"percent_branches_covered":100.0,"percent_branches_covered_display":"100","percent_covered":100.0,"percent_covered_display":"100","percent_statements_covered":100.0,"percent_statements_covered_display":"100"}},"_factor":{"excluded_lines":[],"executed_branches":[[43,44],[43,45]],"executed_lines":[43,44,45],"missing_branches":[],"missing_lines":[],"start_line":36,"summary":{"covered_branches":2,"covered_lines":3,"excluded_lines":0,"missing_branches":0,"missing_lines":0,"num_branches":2,"num_partial_branches":0,"num_statements":3,"percent_branches_covered":100.0,"percent_branches_covered_display":"100","percent_covered":100.0,"percent_covered_display":"100","percent_statements_covered":100.0,"percent_statements_covered_display":"100"}},"_license":{"excluded_lines":[],"executed_branches":[[82,83],[82,94],[88,89],[88,94],[95,97]],"executed_lines":[80,81,82,83,85,86,87,88,89,94,95,97],"missing_branches":[[95,96]],"missing_lines":[96],"start_line":79,"summary":{"covered_branches":5,"covered_lines":12,"excluded_lines":0,"missing_branches":1,"missing_lines":1,"num_branches":6,"num_partial_branches":1,"num_statements":13,"percent_branches_covered":83.33333333333333,"percent_branches_covered_display":"83","percent_covered":89.47368421052632,"percent_covered_display":"89","percent_statements_covered":92.3076923076923,"percent_statements_covered_display":"92"}},"_parity":{"excluded_lines":[],"executed_branches":[[73,75]],"executed_lines":[71,72,73,75,76],"missing_branches":[[73,74]],"missing_lines":[74],"start_line":70,"summary":{"covered_branches":1,"covered_lines":5,"excluded_lines":0,"missing_branches":1,"missing_lines":1,"num_branches":2,"num_partial_branches":1,"num_statements":6,"percent_branches_covered":50.0,"percent_branches_covered_display":"50","percent_covered":75.0,"percent_covered_display":"75","percent_statements_covered":83.33333333333333,"percent_statements_covered_display":"83"}},"_parse_timestamp":{"excluded_lines":[],"executed_branches":[[158,159],[158,160],[164,166]],"executed_lines":[158,159,160,161,164,166],"missing_branches":[[164,165]],"missing_lines":[162,163,165],"start_line":157,"summary":{"covered_branches":3,"covered_lines":6,"excluded_lines":0,"missing_branches":1,"missing_lines":3,"num_branches":4,"num_partial_branches":1,"num_statements":9,"percent_branches_covered":75.0,"percent_branches_covered_display":"75","percent_covered":69.23076923076923,"percent_covered_display":"69","percent_statements_covered":66.66666666666667,"percent_statements_covered_display":"67"}},"_tests":{"excluded_lines":[],"executed_branches":[[124,125],[124,130]],"executed_lines":[122,123,124,125,130],"missing_branches":[],"missing_lines":[],"start_line":121,"summary":{"covered_branches":2,"covered_lines":5,"excluded_lines":0,"missing_branches":0,"missing_lines":0,"num_branches":2,"num_partial_branches":0,"num_statements":5,"percent_branches_covered":100.0,"percent_branches_covered_display":"100","percent_covered":100.0,"percent_covered_display":"100","percent_statements_covered":100.0,"percent_statements_covered_display":"100"}},"_verification":{"excluded_lines":[],"executed_branches":[[54,55],[54,56],[57,58],[57,59],[59,61],[61,63],[63,64]],"executed_lines":[54,55,56,57,58,59,61,63,64,67],"missing_branches":[[59,60],[61,62],[63,66]],"missing_lines":[60,62,66],"start_line":53,"summary":{"covered_branches":7,"covered_lines":10,"excluded_lines":0,"missing_branches":3,"missing_lines":3,"num_branches":10,"num_partial_branches":3,"num_statements":13,"percent_branches_covered":70.0,"percent_branches_covered_display":"70","percent_covered":73.91304347826087,"percent_covered_display":"74","percent_statements_covered":76.92307692307692,"percent_statements_covered_display":"77"}},"compute_trust":{"excluded_lines":[],"executed_branches":[],"executed_lines":[187,188,197,198,199,200,201],"missing_branches":[],"missing_lines":[],"start_line":180,"summary":{"covered_branches":0,"covered_lines":7,"excluded_lines":0,"missing_branches":0,"missing_lines":0,"num_branches":0,"num_partial_branches":0,"num_statements":7,"percent_branches_covered":100.0,"percent_branches_covered_display":"100","percent_covered":100.0,"percent_covered_display":"100","percent_statements_covered":100.0,"percent_statements_covered_display":"100"}}},"missing_branches":[[59,60],[61,62],[63,66],[73,74],[95,96],[164,165]],"missing_lines":[60,62,66,74,96,162,163,165],"summary":{"covered_branches":30,"covered_lines":101,"excluded_lines":0,"missing_branches":6,"missing_lines":8,"num_branches":36,"num_partial_branches":6,"num_statements":109,"percent_branches_covered":83.33333333333333,"percent_branches_covered_display":"83","percent_covered":90.34482758620689,"percent_covered_display":"90","percent_statements_covered":92.66055045871559,"percent_statements_covered_display":"93"}}},"meta":{"branch_coverage":true,"format":3,"show_contexts":false,"timestamp":"2026-08-09T22:06:07.835041","version":"7.15.2"},"totals":{"covered_branches":2269,"covered_lines":6829,"excluded_lines":42,"missing_branches":661,"missing_lines":1007,"num_branches":2930,"num_partial_branches":537,"num_statements":7836,"percent_branches_covered":77.44027303754267,"percent_branches_covered_display":"77","percent_covered":84.50678060561026,"percent_covered_display":"85","percent_statements_covered":87.14905564063298,"percent_statements_covered_display":"87"}}
