<?xml version="1.0" encoding="utf-8"?><testsuites name="pytest tests"><testsuite name="pytest" errors="0" failures="1" skipped="0" tests="2" time="0.013" timestamp="2026-08-02T00:00:00+00:00" hostname="offline-fixture"><testcase classname="tests.test_ranking" name="test_every_input_permutation_has_identical_ranked_output" time="0.005"><failure message="assert first == permuted">AssertionError: assert b'first' == b'permuted'</failure></testcase><testcase classname="tests.test_global" name="test_coverage_is_always_indeterminate_global" time="0.004" /></testsuite></testsuites>
