<?xml version="1.0" encoding="utf-8"?><testsuites name="pytest tests"><testsuite name="pytest" errors="0" failures="0" skipped="2" tests="2" time="0.004" timestamp="2026-08-02T00:00:00+00:00" hostname="offline-fixture"><testcase classname="tests.test_engine" name="test_skipped_one" time="0.001"><skipped type="pytest.skip" message="offline prerequisite unavailable">offline prerequisite unavailable</skipped></testcase><testcase classname="tests.test_engine" name="test_skipped_two" time="0.001"><skipped type="pytest.skip" message="offline prerequisite unavailable">offline prerequisite unavailable</skipped></testcase></testsuite></testsuites>
